[2025-12-29 22:44:47] [INFO] [logger.py:151] Configuration:
amp:
  enabled: true
augmentation:
  random_flip_prob: 0.5
  random_gaussian_noise_prob: 0.2
  random_gaussian_noise_std: 0.05
  random_intensity_scale: 0.15
  random_intensity_shift: 0.15
  random_rotate_prob: 0.3
  roi_size:
  - 128
  - 128
  - 128
  rotate_range:
  - 0.5236
  - 0.5236
  - 0.5236
checkpoint:
  metric: mean_dice
  mode: max
  save_best_only: true
  save_dir: checkpoints/segmentation_finetuned
data:
  masks_dir: data/masks
  processed_dir: data/processed
  raw_dir: data/raw
  splits_dir: data/splits
logging:
  log_interval: 10
  project_name: brain-tumor-seg-finetune
  use_wandb: false
loss:
  alpha: 0.3
  beta: 0.7
  gamma: 0.75
  include_background: false
  name: FocalTversky
  softmax: true
model:
  channels:
  - 32
  - 64
  - 128
  - 256
  - 512
  dropout: 0.1
  in_channels: 4
  name: UNet
  num_res_units: 2
  out_channels: 4
  spatial_dims: 3
  strides:
  - 2
  - 2
  - 2
  - 2
seed: 42
training:
  batch_size: 2
  early_stopping:
    min_delta: 0.0005
    patience: 30
  epochs: 100
  grad_clip: 0.5
  learning_rate: 1.0e-05
  num_workers: 4
  scheduler:
    T_0: 25
    T_mult: 2
    eta_min: 1.0e-07
    name: CosineAnnealingWarmRestarts
  weight_decay: 1.0e-05
validation:
  overlap: 0.5
  sliding_window_batch_size: 4
  val_interval: 1

[2025-12-29 22:44:55] [INFO] [logger.py:133] [Step 10965] train/loss: 0.6998
[2025-12-29 22:45:03] [INFO] [logger.py:133] [Step 10975] train/loss: 0.6018
[2025-12-29 22:45:12] [INFO] [logger.py:133] [Step 10985] train/loss: 0.4637
[2025-12-29 22:45:22] [INFO] [logger.py:133] [Step 10995] train/loss: 0.4443
[2025-12-29 22:45:29] [INFO] [logger.py:133] [Step 11005] train/loss: 0.5156
[2025-12-29 22:45:36] [INFO] [logger.py:133] [Step 11015] train/loss: 0.6345
[2025-12-29 22:45:47] [INFO] [logger.py:133] [Step 11025] train/loss: 0.4166
[2025-12-29 22:45:59] [INFO] [logger.py:133] [Step 11035] train/loss: 0.4566
[2025-12-29 22:46:10] [INFO] [logger.py:133] [Step 11045] train/loss: 0.5072
[2025-12-29 22:46:20] [INFO] [logger.py:133] [Step 11055] train/loss: 0.4171
[2025-12-29 22:46:31] [INFO] [logger.py:133] [Step 11065] train/loss: 0.2321
[2025-12-29 22:46:40] [INFO] [logger.py:133] [Step 11075] train/loss: 0.6237
[2025-12-29 22:46:52] [INFO] [logger.py:133] [Step 11085] train/loss: 0.4384
[2025-12-29 22:47:36] [INFO] [logger.py:98] Epoch 85 | Train Loss: 0.4587 | Val Loss: 0.3637 | Val Dice: 0.7289 | LR: 7.13e-05 | Time: 169.5s
[2025-12-29 22:47:36] [INFO] [logger.py:133] [Step 85] train/loss: 0.4587
[2025-12-29 22:47:36] [INFO] [logger.py:133] [Step 85] val/loss: 0.3637, dice_ncr: 0.6935, dice_ed: 0.7378, dice_et: 0.7554, mean_dice: 0.7289
[2025-12-29 22:47:39] [INFO] [logger.py:98] New best model! Dice: 0.7289
[2025-12-29 22:47:46] [INFO] [logger.py:133] [Step 11094] train/loss: 0.5304
[2025-12-29 22:47:56] [INFO] [logger.py:133] [Step 11104] train/loss: 0.6792
[2025-12-29 22:48:04] [INFO] [logger.py:133] [Step 11114] train/loss: 0.4408
[2025-12-29 22:48:13] [INFO] [logger.py:133] [Step 11124] train/loss: 0.4280
[2025-12-29 22:48:20] [INFO] [logger.py:133] [Step 11134] train/loss: 0.2430
[2025-12-29 22:48:27] [INFO] [logger.py:133] [Step 11144] train/loss: 0.6120
[2025-12-29 22:48:37] [INFO] [logger.py:133] [Step 11154] train/loss: 0.5258
[2025-12-29 22:48:49] [INFO] [logger.py:133] [Step 11164] train/loss: 0.3964
[2025-12-29 22:48:59] [INFO] [logger.py:133] [Step 11174] train/loss: 0.3650
[2025-12-29 22:49:09] [INFO] [logger.py:133] [Step 11184] train/loss: 0.3115
[2025-12-29 22:49:19] [INFO] [logger.py:133] [Step 11194] train/loss: 0.3104
[2025-12-29 22:49:29] [INFO] [logger.py:133] [Step 11204] train/loss: 0.5746
[2025-12-29 22:49:40] [INFO] [logger.py:133] [Step 11214] train/loss: 0.5256
[2025-12-29 22:50:23] [INFO] [logger.py:98] Epoch 86 | Train Loss: 0.4601 | Val Loss: 0.3589 | Val Dice: 0.7278 | LR: 6.99e-05 | Time: 163.7s
[2025-12-29 22:50:23] [INFO] [logger.py:133] [Step 86] train/loss: 0.4601
[2025-12-29 22:50:23] [INFO] [logger.py:133] [Step 86] val/loss: 0.3589, dice_ncr: 0.6852, dice_ed: 0.7530, dice_et: 0.7454, mean_dice: 0.7278
[2025-12-29 22:50:31] [INFO] [logger.py:133] [Step 11223] train/loss: 0.6699
[2025-12-29 22:50:40] [INFO] [logger.py:133] [Step 11233] train/loss: 0.6704
[2025-12-29 22:50:50] [INFO] [logger.py:133] [Step 11243] train/loss: 0.4583
[2025-12-29 22:50:59] [INFO] [logger.py:133] [Step 11253] train/loss: 0.3199
[2025-12-29 22:51:06] [INFO] [logger.py:133] [Step 11263] train/loss: 0.4120
[2025-12-29 22:51:12] [INFO] [logger.py:133] [Step 11273] train/loss: 0.4074
[2025-12-29 22:51:24] [INFO] [logger.py:133] [Step 11283] train/loss: 0.4039
[2025-12-29 22:51:35] [INFO] [logger.py:133] [Step 11293] train/loss: 0.5540
[2025-12-29 22:51:46] [INFO] [logger.py:133] [Step 11303] train/loss: 0.5198
[2025-12-29 22:51:56] [INFO] [logger.py:133] [Step 11313] train/loss: 0.4051
[2025-12-29 22:52:07] [INFO] [logger.py:133] [Step 11323] train/loss: 0.4535
[2025-12-29 22:52:17] [INFO] [logger.py:133] [Step 11333] train/loss: 0.5118
[2025-12-29 22:52:29] [INFO] [logger.py:133] [Step 11343] train/loss: 0.4019
[2025-12-29 22:53:12] [INFO] [logger.py:98] Epoch 87 | Train Loss: 0.4626 | Val Loss: 0.3623 | Val Dice: 0.7245 | LR: 6.84e-05 | Time: 167.7s
[2025-12-29 22:53:12] [INFO] [logger.py:133] [Step 87] train/loss: 0.4626
[2025-12-29 22:53:12] [INFO] [logger.py:133] [Step 87] val/loss: 0.3623, dice_ncr: 0.6714, dice_ed: 0.7483, dice_et: 0.7537, mean_dice: 0.7245
[2025-12-29 22:53:19] [INFO] [logger.py:133] [Step 11352] train/loss: 0.5389
[2025-12-29 22:53:29] [INFO] [logger.py:133] [Step 11362] train/loss: 0.2396
[2025-12-29 22:53:38] [INFO] [logger.py:133] [Step 11372] train/loss: 0.5711
[2025-12-29 22:53:47] [INFO] [logger.py:133] [Step 11382] train/loss: 0.3928
[2025-12-29 22:53:55] [INFO] [logger.py:133] [Step 11392] train/loss: 0.4233
[2025-12-29 22:54:01] [INFO] [logger.py:133] [Step 11402] train/loss: 0.4066
[2025-12-29 22:54:12] [INFO] [logger.py:133] [Step 11412] train/loss: 0.4876
[2025-12-29 22:54:23] [INFO] [logger.py:133] [Step 11422] train/loss: 0.4195
[2025-12-29 22:54:34] [INFO] [logger.py:133] [Step 11432] train/loss: 0.3467
[2025-12-29 22:54:44] [INFO] [logger.py:133] [Step 11442] train/loss: 0.6305
[2025-12-29 22:54:54] [INFO] [logger.py:133] [Step 11452] train/loss: 0.3593
[2025-12-29 22:55:04] [INFO] [logger.py:133] [Step 11462] train/loss: 0.3893
[2025-12-29 22:55:16] [INFO] [logger.py:133] [Step 11472] train/loss: 0.5809
[2025-12-29 22:55:58] [INFO] [logger.py:98] Epoch 88 | Train Loss: 0.4510 | Val Loss: 0.3577 | Val Dice: 0.7271 | LR: 6.70e-05 | Time: 165.7s
[2025-12-29 22:55:58] [INFO] [logger.py:133] [Step 88] train/loss: 0.4510
[2025-12-29 22:55:58] [INFO] [logger.py:133] [Step 88] val/loss: 0.3577, dice_ncr: 0.7014, dice_ed: 0.7371, dice_et: 0.7428, mean_dice: 0.7271
[2025-12-29 22:56:06] [INFO] [logger.py:133] [Step 11481] train/loss: 0.5426
[2025-12-29 22:56:16] [INFO] [logger.py:133] [Step 11491] train/loss: 0.5278
[2025-12-29 22:56:25] [INFO] [logger.py:133] [Step 11501] train/loss: 0.5549
[2025-12-29 22:56:34] [INFO] [logger.py:133] [Step 11511] train/loss: 0.3599
[2025-12-29 22:56:41] [INFO] [logger.py:133] [Step 11521] train/loss: 0.3074
[2025-12-29 22:56:48] [INFO] [logger.py:133] [Step 11531] train/loss: 0.4648
[2025-12-29 22:56:59] [INFO] [logger.py:133] [Step 11541] train/loss: 0.3428
[2025-12-29 22:57:10] [INFO] [logger.py:133] [Step 11551] train/loss: 0.3436
[2025-12-29 22:57:19] [INFO] [logger.py:133] [Step 11561] train/loss: 0.3560
[2025-12-29 22:57:30] [INFO] [logger.py:133] [Step 11571] train/loss: 0.4587
[2025-12-29 22:57:39] [INFO] [logger.py:133] [Step 11581] train/loss: 0.4524
[2025-12-29 22:57:51] [INFO] [logger.py:133] [Step 11591] train/loss: 0.5917
[2025-12-29 22:58:01] [INFO] [logger.py:133] [Step 11601] train/loss: 0.5892
[2025-12-29 22:58:44] [INFO] [logger.py:98] Epoch 89 | Train Loss: 0.4486 | Val Loss: 0.3580 | Val Dice: 0.7310 | LR: 6.55e-05 | Time: 164.6s
[2025-12-29 22:58:44] [INFO] [logger.py:133] [Step 89] train/loss: 0.4486
[2025-12-29 22:58:44] [INFO] [logger.py:133] [Step 89] val/loss: 0.3580, dice_ncr: 0.7007, dice_ed: 0.7350, dice_et: 0.7574, mean_dice: 0.7310
[2025-12-29 22:58:47] [INFO] [logger.py:98] New best model! Dice: 0.7310
[2025-12-29 22:58:53] [INFO] [logger.py:133] [Step 11610] train/loss: 0.3436
[2025-12-29 22:59:03] [INFO] [logger.py:133] [Step 11620] train/loss: 0.3224
[2025-12-29 22:59:12] [INFO] [logger.py:133] [Step 11630] train/loss: 0.3543
[2025-12-29 22:59:21] [INFO] [logger.py:133] [Step 11640] train/loss: 0.3761
[2025-12-29 22:59:28] [INFO] [logger.py:133] [Step 11650] train/loss: 0.4715
[2025-12-29 22:59:35] [INFO] [logger.py:133] [Step 11660] train/loss: 0.2501
[2025-12-29 22:59:45] [INFO] [logger.py:133] [Step 11670] train/loss: 0.2473
[2025-12-29 22:59:57] [INFO] [logger.py:133] [Step 11680] train/loss: 0.4727
[2025-12-29 23:00:06] [INFO] [logger.py:133] [Step 11690] train/loss: 0.3897
[2025-12-29 23:00:18] [INFO] [logger.py:133] [Step 11700] train/loss: 0.4806
[2025-12-29 23:00:26] [INFO] [logger.py:133] [Step 11710] train/loss: 0.5199
[2025-12-29 23:00:38] [INFO] [logger.py:133] [Step 11720] train/loss: 0.3728
[2025-12-29 23:00:48] [INFO] [logger.py:133] [Step 11730] train/loss: 0.5193
[2025-12-29 23:01:32] [INFO] [logger.py:98] Epoch 90 | Train Loss: 0.4424 | Val Loss: 0.3544 | Val Dice: 0.7340 | LR: 6.40e-05 | Time: 165.2s
[2025-12-29 23:01:32] [INFO] [logger.py:133] [Step 90] train/loss: 0.4424
[2025-12-29 23:01:32] [INFO] [logger.py:133] [Step 90] val/loss: 0.3544, dice_ncr: 0.6951, dice_ed: 0.7519, dice_et: 0.7550, mean_dice: 0.7340
[2025-12-29 23:01:35] [INFO] [logger.py:98] New best model! Dice: 0.7340
[2025-12-29 23:01:41] [INFO] [logger.py:133] [Step 11739] train/loss: 0.7349
[2025-12-29 23:01:51] [INFO] [logger.py:133] [Step 11749] train/loss: 0.4196
[2025-12-29 23:02:00] [INFO] [logger.py:133] [Step 11759] train/loss: 0.5143
[2025-12-29 23:02:09] [INFO] [logger.py:133] [Step 11769] train/loss: 0.3072
[2025-12-29 23:02:16] [INFO] [logger.py:133] [Step 11779] train/loss: 0.3891
[2025-12-29 23:02:23] [INFO] [logger.py:133] [Step 11789] train/loss: 0.5324
[2025-12-29 23:02:34] [INFO] [logger.py:133] [Step 11799] train/loss: 0.4313
[2025-12-29 23:02:45] [INFO] [logger.py:133] [Step 11809] train/loss: 0.4799
[2025-12-29 23:02:56] [INFO] [logger.py:133] [Step 11819] train/loss: 0.3060
[2025-12-29 23:03:06] [INFO] [logger.py:133] [Step 11829] train/loss: 0.3899
[2025-12-29 23:03:16] [INFO] [logger.py:133] [Step 11839] train/loss: 0.5824
[2025-12-29 23:03:26] [INFO] [logger.py:133] [Step 11849] train/loss: 0.4872
[2025-12-29 23:03:38] [INFO] [logger.py:133] [Step 11859] train/loss: 0.5177
[2025-12-29 23:04:20] [INFO] [logger.py:98] Epoch 91 | Train Loss: 0.4470 | Val Loss: 0.3535 | Val Dice: 0.7334 | LR: 6.25e-05 | Time: 165.0s
[2025-12-29 23:04:20] [INFO] [logger.py:133] [Step 91] train/loss: 0.4470
[2025-12-29 23:04:20] [INFO] [logger.py:133] [Step 91] val/loss: 0.3535, dice_ncr: 0.6973, dice_ed: 0.7508, dice_et: 0.7522, mean_dice: 0.7334
[2025-12-29 23:04:27] [INFO] [logger.py:133] [Step 11868] train/loss: 0.5114
[2025-12-29 23:04:37] [INFO] [logger.py:133] [Step 11878] train/loss: 0.3721
[2025-12-29 23:04:47] [INFO] [logger.py:133] [Step 11888] train/loss: 0.6120
[2025-12-29 23:04:55] [INFO] [logger.py:133] [Step 11898] train/loss: 0.2667
[2025-12-29 23:05:03] [INFO] [logger.py:133] [Step 11908] train/loss: 0.2434
[2025-12-29 23:05:09] [INFO] [logger.py:133] [Step 11918] train/loss: 0.5648
[2025-12-29 23:05:21] [INFO] [logger.py:133] [Step 11928] train/loss: 0.4185
[2025-12-29 23:05:32] [INFO] [logger.py:133] [Step 11938] train/loss: 0.2864
[2025-12-29 23:05:42] [INFO] [logger.py:133] [Step 11948] train/loss: 0.3537
[2025-12-29 23:05:52] [INFO] [logger.py:133] [Step 11958] train/loss: 0.4589
[2025-12-29 23:06:03] [INFO] [logger.py:133] [Step 11968] train/loss: 0.7656
[2025-12-29 23:06:12] [INFO] [logger.py:133] [Step 11978] train/loss: 0.4140
[2025-12-29 23:06:24] [INFO] [logger.py:133] [Step 11988] train/loss: 0.3032
[2025-12-29 23:07:07] [INFO] [logger.py:98] Epoch 92 | Train Loss: 0.4545 | Val Loss: 0.3653 | Val Dice: 0.7202 | LR: 6.09e-05 | Time: 165.8s
[2025-12-29 23:07:07] [INFO] [logger.py:133] [Step 92] train/loss: 0.4545
[2025-12-29 23:07:07] [INFO] [logger.py:133] [Step 92] val/loss: 0.3653, dice_ncr: 0.6701, dice_ed: 0.7594, dice_et: 0.7312, mean_dice: 0.7202
[2025-12-29 23:07:14] [INFO] [logger.py:133] [Step 11997] train/loss: 0.5156
[2025-12-29 23:07:24] [INFO] [logger.py:133] [Step 12007] train/loss: 0.5514
[2025-12-29 23:07:34] [INFO] [logger.py:133] [Step 12017] train/loss: 0.3809
[2025-12-29 23:07:43] [INFO] [logger.py:133] [Step 12027] train/loss: 0.3190
[2025-12-29 23:07:50] [INFO] [logger.py:133] [Step 12037] train/loss: 0.3510
[2025-12-29 23:07:57] [INFO] [logger.py:133] [Step 12047] train/loss: 0.4000
[2025-12-29 23:08:08] [INFO] [logger.py:133] [Step 12057] train/loss: 0.3551
[2025-12-29 23:08:19] [INFO] [logger.py:133] [Step 12067] train/loss: 0.5062
[2025-12-29 23:08:30] [INFO] [logger.py:133] [Step 12077] train/loss: 0.4145
[2025-12-29 23:08:40] [INFO] [logger.py:133] [Step 12087] train/loss: 0.3155
[2025-12-29 23:08:50] [INFO] [logger.py:133] [Step 12097] train/loss: 0.4359
[2025-12-29 23:09:00] [INFO] [logger.py:133] [Step 12107] train/loss: 0.6127
[2025-12-29 23:09:12] [INFO] [logger.py:133] [Step 12117] train/loss: 0.3597
[2025-12-29 23:09:58] [INFO] [logger.py:98] Epoch 93 | Train Loss: 0.4425 | Val Loss: 0.3586 | Val Dice: 0.7357 | LR: 5.94e-05 | Time: 170.2s
[2025-12-29 23:09:58] [INFO] [logger.py:133] [Step 93] train/loss: 0.4425
[2025-12-29 23:09:58] [INFO] [logger.py:133] [Step 93] val/loss: 0.3586, dice_ncr: 0.6821, dice_ed: 0.7623, dice_et: 0.7626, mean_dice: 0.7357
[2025-12-29 23:10:01] [INFO] [logger.py:98] New best model! Dice: 0.7357
[2025-12-29 23:10:07] [INFO] [logger.py:133] [Step 12126] train/loss: 0.7310
[2025-12-29 23:10:17] [INFO] [logger.py:133] [Step 12136] train/loss: 0.4605
[2025-12-29 23:10:26] [INFO] [logger.py:133] [Step 12146] train/loss: 0.3757
[2025-12-29 23:10:36] [INFO] [logger.py:133] [Step 12156] train/loss: 0.3665
[2025-12-29 23:10:44] [INFO] [logger.py:133] [Step 12166] train/loss: 0.5284
[2025-12-29 23:10:51] [INFO] [logger.py:133] [Step 12176] train/loss: 0.4106
[2025-12-29 23:11:00] [INFO] [logger.py:133] [Step 12186] train/loss: 0.6152
[2025-12-29 23:11:11] [INFO] [logger.py:133] [Step 12196] train/loss: 0.4489
[2025-12-29 23:11:20] [INFO] [logger.py:133] [Step 12206] train/loss: 0.4874
[2025-12-29 23:11:32] [INFO] [logger.py:133] [Step 12216] train/loss: 0.5404
[2025-12-29 23:11:42] [INFO] [logger.py:133] [Step 12226] train/loss: 0.3131
[2025-12-29 23:11:52] [INFO] [logger.py:133] [Step 12236] train/loss: 0.5012
[2025-12-29 23:12:03] [INFO] [logger.py:133] [Step 12246] train/loss: 0.4110
[2025-12-29 23:12:46] [INFO] [logger.py:98] Epoch 94 | Train Loss: 0.4468 | Val Loss: 0.3581 | Val Dice: 0.7354 | LR: 5.79e-05 | Time: 165.3s
[2025-12-29 23:12:46] [INFO] [logger.py:133] [Step 94] train/loss: 0.4468
[2025-12-29 23:12:46] [INFO] [logger.py:133] [Step 94] val/loss: 0.3581, dice_ncr: 0.6902, dice_ed: 0.7533, dice_et: 0.7627, mean_dice: 0.7354
[2025-12-29 23:12:54] [INFO] [logger.py:133] [Step 12255] train/loss: 0.7400
[2025-12-29 23:13:04] [INFO] [logger.py:133] [Step 12265] train/loss: 0.3444
[2025-12-29 23:13:13] [INFO] [logger.py:133] [Step 12275] train/loss: 0.3701
[2025-12-29 23:13:22] [INFO] [logger.py:133] [Step 12285] train/loss: 0.5776
[2025-12-29 23:13:29] [INFO] [logger.py:133] [Step 12295] train/loss: 0.4539
[2025-12-29 23:13:36] [INFO] [logger.py:133] [Step 12305] train/loss: 0.4047
[2025-12-29 23:13:47] [INFO] [logger.py:133] [Step 12315] train/loss: 0.4246
[2025-12-29 23:13:58] [INFO] [logger.py:133] [Step 12325] train/loss: 0.5115
[2025-12-29 23:14:08] [INFO] [logger.py:133] [Step 12335] train/loss: 0.7477
[2025-12-29 23:14:19] [INFO] [logger.py:133] [Step 12345] train/loss: 0.2609
[2025-12-29 23:14:29] [INFO] [logger.py:133] [Step 12355] train/loss: 0.4208
[2025-12-29 23:14:40] [INFO] [logger.py:133] [Step 12365] train/loss: 0.3611
[2025-12-29 23:14:50] [INFO] [logger.py:133] [Step 12375] train/loss: 0.3627
[2025-12-29 23:15:35] [INFO] [logger.py:98] Epoch 95 | Train Loss: 0.4510 | Val Loss: 0.3572 | Val Dice: 0.7366 | LR: 5.63e-05 | Time: 168.1s
[2025-12-29 23:15:35] [INFO] [logger.py:133] [Step 95] train/loss: 0.4510
[2025-12-29 23:15:35] [INFO] [logger.py:133] [Step 95] val/loss: 0.3572, dice_ncr: 0.6902, dice_ed: 0.7578, dice_et: 0.7619, mean_dice: 0.7366
[2025-12-29 23:15:38] [INFO] [logger.py:98] New best model! Dice: 0.7366
[2025-12-29 23:15:45] [INFO] [logger.py:133] [Step 12384] train/loss: 0.3985
[2025-12-29 23:15:54] [INFO] [logger.py:133] [Step 12394] train/loss: 0.4567
[2025-12-29 23:16:04] [INFO] [logger.py:133] [Step 12404] train/loss: 0.4787
[2025-12-29 23:16:13] [INFO] [logger.py:133] [Step 12414] train/loss: 0.3871
[2025-12-29 23:16:21] [INFO] [logger.py:133] [Step 12424] train/loss: 0.4347
[2025-12-29 23:16:28] [INFO] [logger.py:133] [Step 12434] train/loss: 0.3428
[2025-12-29 23:16:39] [INFO] [logger.py:133] [Step 12444] train/loss: 0.4732
[2025-12-29 23:16:51] [INFO] [logger.py:133] [Step 12454] train/loss: 0.5389
[2025-12-29 23:17:01] [INFO] [logger.py:133] [Step 12464] train/loss: 0.6190
[2025-12-29 23:17:11] [INFO] [logger.py:133] [Step 12474] train/loss: 0.2851
[2025-12-29 23:17:21] [INFO] [logger.py:133] [Step 12484] train/loss: 0.6880
[2025-12-29 23:17:31] [INFO] [logger.py:133] [Step 12494] train/loss: 0.5263
[2025-12-29 23:17:43] [INFO] [logger.py:133] [Step 12504] train/loss: 0.2327
[2025-12-29 23:18:26] [INFO] [logger.py:98] Epoch 96 | Train Loss: 0.4524 | Val Loss: 0.3601 | Val Dice: 0.7221 | LR: 5.48e-05 | Time: 168.1s
[2025-12-29 23:18:26] [INFO] [logger.py:133] [Step 96] train/loss: 0.4524
[2025-12-29 23:18:26] [INFO] [logger.py:133] [Step 96] val/loss: 0.3601, dice_ncr: 0.6756, dice_ed: 0.7360, dice_et: 0.7546, mean_dice: 0.7221
[2025-12-29 23:18:34] [INFO] [logger.py:133] [Step 12513] train/loss: 0.3509
[2025-12-29 23:18:44] [INFO] [logger.py:133] [Step 12523] train/loss: 0.3937
[2025-12-29 23:18:53] [INFO] [logger.py:133] [Step 12533] train/loss: 0.3648
[2025-12-29 23:19:02] [INFO] [logger.py:133] [Step 12543] train/loss: 0.5495
[2025-12-29 23:19:10] [INFO] [logger.py:133] [Step 12553] train/loss: 0.3381
[2025-12-29 23:19:16] [INFO] [logger.py:133] [Step 12563] train/loss: 0.7066
[2025-12-29 23:19:27] [INFO] [logger.py:133] [Step 12573] train/loss: 0.6314
[2025-12-29 23:19:39] [INFO] [logger.py:133] [Step 12583] train/loss: 0.4901
[2025-12-29 23:19:49] [INFO] [logger.py:133] [Step 12593] train/loss: 0.5147
[2025-12-29 23:19:59] [INFO] [logger.py:133] [Step 12603] train/loss: 0.3470
[2025-12-29 23:20:09] [INFO] [logger.py:133] [Step 12613] train/loss: 0.3493
[2025-12-29 23:20:20] [INFO] [logger.py:133] [Step 12623] train/loss: 0.4706
[2025-12-29 23:20:31] [INFO] [logger.py:133] [Step 12633] train/loss: 0.2733
[2025-12-29 23:21:14] [INFO] [logger.py:98] Epoch 97 | Train Loss: 0.4493 | Val Loss: 0.3588 | Val Dice: 0.7282 | LR: 5.32e-05 | Time: 167.0s
[2025-12-29 23:21:14] [INFO] [logger.py:133] [Step 97] train/loss: 0.4493
[2025-12-29 23:21:14] [INFO] [logger.py:133] [Step 97] val/loss: 0.3588, dice_ncr: 0.6832, dice_ed: 0.7450, dice_et: 0.7564, mean_dice: 0.7282
[2025-12-29 23:21:22] [INFO] [logger.py:133] [Step 12642] train/loss: 0.5152
[2025-12-29 23:21:31] [INFO] [logger.py:133] [Step 12652] train/loss: 0.6594
[2025-12-29 23:21:41] [INFO] [logger.py:133] [Step 12662] train/loss: 0.4412
[2025-12-29 23:21:50] [INFO] [logger.py:133] [Step 12672] train/loss: 0.5447
[2025-12-29 23:21:57] [INFO] [logger.py:133] [Step 12682] train/loss: 0.4165
[2025-12-29 23:22:04] [INFO] [logger.py:133] [Step 12692] train/loss: 0.3474
[2025-12-29 23:22:15] [INFO] [logger.py:133] [Step 12702] train/loss: 0.3258
[2025-12-29 23:22:26] [INFO] [logger.py:133] [Step 12712] train/loss: 0.4716
[2025-12-29 23:22:36] [INFO] [logger.py:133] [Step 12722] train/loss: 0.3175
[2025-12-29 23:22:46] [INFO] [logger.py:133] [Step 12732] train/loss: 0.2197
[2025-12-29 23:22:56] [INFO] [logger.py:133] [Step 12742] train/loss: 0.4587
[2025-12-29 23:23:07] [INFO] [logger.py:133] [Step 12752] train/loss: 0.4575
[2025-12-29 23:23:17] [INFO] [logger.py:133] [Step 12762] train/loss: 0.4943
[2025-12-29 23:24:00] [INFO] [logger.py:98] Epoch 98 | Train Loss: 0.4492 | Val Loss: 0.3576 | Val Dice: 0.7331 | LR: 5.16e-05 | Time: 164.5s
[2025-12-29 23:24:00] [INFO] [logger.py:133] [Step 98] train/loss: 0.4492
[2025-12-29 23:24:00] [INFO] [logger.py:133] [Step 98] val/loss: 0.3576, dice_ncr: 0.7001, dice_ed: 0.7536, dice_et: 0.7457, mean_dice: 0.7331
[2025-12-29 23:24:07] [INFO] [logger.py:133] [Step 12771] train/loss: 0.6476
[2025-12-29 23:24:17] [INFO] [logger.py:133] [Step 12781] train/loss: 0.4863
[2025-12-29 23:24:26] [INFO] [logger.py:133] [Step 12791] train/loss: 0.3607
[2025-12-29 23:24:36] [INFO] [logger.py:133] [Step 12801] train/loss: 0.3287
[2025-12-29 23:24:43] [INFO] [logger.py:133] [Step 12811] train/loss: 0.4284
[2025-12-29 23:24:50] [INFO] [logger.py:133] [Step 12821] train/loss: 0.4062
[2025-12-29 23:25:00] [INFO] [logger.py:133] [Step 12831] train/loss: 0.5213
