[2025-12-29 18:35:17] [INFO] [logger.py:151] Configuration:
amp:
  enabled: true
augmentation:
  input_size:
  - 224
  - 224
  num_slices: 1
  random_brightness: 0.2
  random_contrast: 0.2
  random_horizontal_flip: 0.5
  random_rotation: 15
  random_scale:
  - 0.9
  - 1.1
  random_vertical_flip: 0.0
  slice_sampling: uniform
checkpoint:
  metric: val_accuracy
  mode: max
  save_best_only: true
  save_dir: checkpoints/classification
classes:
  names:
  - glioma
  - meningioma
  - pituitary
  - no_tumor
  num_classes: 4
  weights: null
data:
  labels_file: data/labels_cls.csv
  roi_dir: data/roi
  splits_dir: data/splits_cls
evaluation:
  metrics:
  - accuracy
  - precision
  - recall
  - f1
  - auc_roc
  save_confusion_matrix: true
  save_roc_curves: true
logging:
  log_interval: 10
  project_name: brain-tumor-classification
  use_wandb: false
loss:
  alpha: null
  gamma: 2.0
  label_smoothing: 0.1
  name: FocalLoss
model:
  backbone: convnext_base
  dropout: 0.3
  in_channels: 3
  pooling: attention
  pretrained: true
seed: 42
training:
  batch_size: 16
  betas:
  - 0.9
  - 0.999
  early_stopping:
    min_delta: 0.001
    patience: 20
  epochs: 100
  grad_clip: 1.0
  learning_rate: 0.0001
  num_workers: 4
  optimizer: AdamW
  scheduler:
    T_max: 100
    eta_min: 1.0e-07
    name: CosineAnnealingLR
  weight_decay: 0.0001
validation:
  val_interval: 1

[2025-12-29 18:35:28] [INFO] [logger.py:133] [Step 0] train/loss: 0.7953, accuracy: 18.7500
[2025-12-29 18:35:30] [INFO] [logger.py:133] [Step 10] train/loss: 0.6069, accuracy: 32.9545
[2025-12-29 18:35:31] [INFO] [logger.py:133] [Step 20] train/loss: 0.4212, accuracy: 46.4286
[2025-12-29 18:35:32] [INFO] [logger.py:133] [Step 30] train/loss: 0.2970, accuracy: 54.6371
[2025-12-29 18:35:33] [INFO] [logger.py:133] [Step 40] train/loss: 0.4502, accuracy: 60.0610
[2025-12-29 18:35:34] [INFO] [logger.py:133] [Step 50] train/loss: 0.2614, accuracy: 65.5637
[2025-12-29 18:35:35] [INFO] [logger.py:133] [Step 60] train/loss: 0.3478, accuracy: 67.9303
[2025-12-29 18:35:36] [INFO] [logger.py:133] [Step 70] train/loss: 0.1868, accuracy: 70.2465
[2025-12-29 18:35:37] [INFO] [logger.py:133] [Step 80] train/loss: 0.2359, accuracy: 72.1451
[2025-12-29 18:35:38] [INFO] [logger.py:133] [Step 90] train/loss: 0.2006, accuracy: 73.9011
[2025-12-29 18:35:40] [INFO] [logger.py:133] [Step 100] train/loss: 0.0282, accuracy: 75.4950
[2025-12-29 18:35:41] [INFO] [logger.py:133] [Step 110] train/loss: 0.1170, accuracy: 76.8018
[2025-12-29 18:35:42] [INFO] [logger.py:133] [Step 120] train/loss: 0.0999, accuracy: 77.9959
[2025-12-29 18:35:43] [INFO] [logger.py:133] [Step 130] train/loss: 0.0731, accuracy: 78.8645
[2025-12-29 18:35:44] [INFO] [logger.py:133] [Step 140] train/loss: 0.3623, accuracy: 79.2996
[2025-12-29 18:35:45] [INFO] [logger.py:133] [Step 150] train/loss: 0.2839, accuracy: 80.0911
[2025-12-29 18:35:46] [INFO] [logger.py:133] [Step 160] train/loss: 0.2114, accuracy: 80.5901
[2025-12-29 18:35:48] [INFO] [logger.py:133] [Step 170] train/loss: 0.0189, accuracy: 81.3596
[2025-12-29 18:35:49] [INFO] [logger.py:133] [Step 180] train/loss: 0.1413, accuracy: 81.8370
[2025-12-29 18:35:50] [INFO] [logger.py:133] [Step 190] train/loss: 0.3378, accuracy: 82.1008
[2025-12-29 18:35:51] [INFO] [logger.py:133] [Step 200] train/loss: 0.0822, accuracy: 82.2450
[2025-12-29 18:35:52] [INFO] [logger.py:133] [Step 210] train/loss: 0.0162, accuracy: 82.6422
[2025-12-29 18:35:53] [INFO] [logger.py:133] [Step 220] train/loss: 0.4266, accuracy: 83.1731
[2025-12-29 18:35:54] [INFO] [logger.py:133] [Step 230] train/loss: 0.0089, accuracy: 83.6851
[2025-12-29 18:35:55] [INFO] [logger.py:133] [Step 240] train/loss: 0.0457, accuracy: 83.8952
[2025-12-29 18:35:56] [INFO] [logger.py:133] [Step 250] train/loss: 0.0841, accuracy: 84.3127
[2025-12-29 18:35:57] [INFO] [logger.py:133] [Step 260] train/loss: 0.0375, accuracy: 84.5546
[2025-12-29 18:35:59] [INFO] [logger.py:133] [Step 270] train/loss: 0.0897, accuracy: 84.6633
[2025-12-29 18:36:00] [INFO] [logger.py:133] [Step 280] train/loss: 0.3305, accuracy: 84.9199
[2025-12-29 18:36:05] [INFO] [logger.py:98] Epoch 0 | Train Loss: 0.2104 | Train Acc: 85.11% | Val Loss: 0.0616 | Val Acc: 0.9633 | Val F1: 0.9631 | LR: 1.00e-04 | Time: 47.9s
[2025-12-29 18:36:05] [INFO] [logger.py:133] [Step 0] train/loss: 0.2104, accuracy: 85.1096
[2025-12-29 18:36:05] [INFO] [logger.py:133] [Step 0] val/accuracy: 0.9633, precision_macro: 0.9644, recall_macro: 0.9628, f1_macro: 0.9631, precision_weighted: 0.9646, recall_weighted: 0.9633, f1_weighted: 0.9634, loss: 0.0616
[2025-12-29 18:36:07] [INFO] [logger.py:98] New best model! Accuracy: 0.9633
[2025-12-29 18:36:07] [INFO] [logger.py:133] [Step 285] train/loss: 0.0168, accuracy: 100.0000
[2025-12-29 18:36:09] [INFO] [logger.py:133] [Step 295] train/loss: 0.1322, accuracy: 91.4773
[2025-12-29 18:36:10] [INFO] [logger.py:133] [Step 305] train/loss: 0.0087, accuracy: 92.8571
[2025-12-29 18:36:11] [INFO] [logger.py:133] [Step 315] train/loss: 0.1268, accuracy: 92.3387
[2025-12-29 18:36:12] [INFO] [logger.py:133] [Step 325] train/loss: 0.0202, accuracy: 93.7500
[2025-12-29 18:36:13] [INFO] [logger.py:133] [Step 335] train/loss: 0.0982, accuracy: 93.6275
[2025-12-29 18:36:14] [INFO] [logger.py:133] [Step 345] train/loss: 0.0677, accuracy: 93.5451
[2025-12-29 18:36:15] [INFO] [logger.py:133] [Step 355] train/loss: 0.3243, accuracy: 93.3979
[2025-12-29 18:36:16] [INFO] [logger.py:133] [Step 365] train/loss: 0.0374, accuracy: 93.5185
[2025-12-29 18:36:18] [INFO] [logger.py:133] [Step 375] train/loss: 0.3986, accuracy: 93.1319
[2025-12-29 18:36:19] [INFO] [logger.py:133] [Step 385] train/loss: 0.2976, accuracy: 92.8218
[2025-12-29 18:36:20] [INFO] [logger.py:133] [Step 395] train/loss: 0.0091, accuracy: 92.9054
[2025-12-29 18:36:21] [INFO] [logger.py:133] [Step 405] train/loss: 0.3277, accuracy: 92.8202
[2025-12-29 18:36:22] [INFO] [logger.py:133] [Step 415] train/loss: 0.0074, accuracy: 93.0344
[2025-12-29 18:36:23] [INFO] [logger.py:133] [Step 425] train/loss: 0.0671, accuracy: 93.2624
[2025-12-29 18:36:24] [INFO] [logger.py:133] [Step 435] train/loss: 0.3052, accuracy: 93.3361
[2025-12-29 18:36:25] [INFO] [logger.py:133] [Step 445] train/loss: 0.0900, accuracy: 93.5947
[2025-12-29 18:36:26] [INFO] [logger.py:133] [Step 455] train/loss: 0.0474, accuracy: 93.7865
[2025-12-29 18:36:28] [INFO] [logger.py:133] [Step 465] train/loss: 0.0461, accuracy: 93.8191
[2025-12-29 18:36:29] [INFO] [logger.py:133] [Step 475] train/loss: 0.3011, accuracy: 93.9463
[2025-12-29 18:36:30] [INFO] [logger.py:133] [Step 485] train/loss: 0.0079, accuracy: 93.9677
[2025-12-29 18:36:31] [INFO] [logger.py:133] [Step 495] train/loss: 0.0205, accuracy: 94.0462
[2025-12-29 18:36:32] [INFO] [logger.py:133] [Step 505] train/loss: 0.1288, accuracy: 94.1459
[2025-12-29 18:36:33] [INFO] [logger.py:133] [Step 515] train/loss: 0.0083, accuracy: 94.1288
[2025-12-29 18:36:34] [INFO] [logger.py:133] [Step 525] train/loss: 0.0195, accuracy: 94.1909
[2025-12-29 18:36:35] [INFO] [logger.py:133] [Step 535] train/loss: 0.0056, accuracy: 94.2978
[2025-12-29 18:36:36] [INFO] [logger.py:133] [Step 545] train/loss: 0.1950, accuracy: 94.1331
[2025-12-29 18:36:38] [INFO] [logger.py:133] [Step 555] train/loss: 0.0186, accuracy: 94.2574
[2025-12-29 18:36:39] [INFO] [logger.py:133] [Step 565] train/loss: 0.0057, accuracy: 94.3728
[2025-12-29 18:36:42] [INFO] [logger.py:98] Epoch 1 | Train Loss: 0.0946 | Train Acc: 94.41% | Val Loss: 0.0407 | Val Acc: 0.9799 | Val F1: 0.9792 | LR: 9.99e-05 | Time: 34.7s
[2025-12-29 18:36:42] [INFO] [logger.py:133] [Step 1] train/loss: 0.0946, accuracy: 94.4079
[2025-12-29 18:36:42] [INFO] [logger.py:133] [Step 1] val/accuracy: 0.9799, precision_macro: 0.9790, recall_macro: 0.9796, f1_macro: 0.9792, precision_weighted: 0.9800, recall_weighted: 0.9799, f1_weighted: 0.9799, loss: 0.0407
[2025-12-29 18:36:51] [INFO] [logger.py:98] New best model! Accuracy: 0.9799
[2025-12-29 18:36:52] [INFO] [logger.py:133] [Step 570] train/loss: 0.0054, accuracy: 100.0000
[2025-12-29 18:36:53] [INFO] [logger.py:133] [Step 580] train/loss: 0.0058, accuracy: 96.5909
[2025-12-29 18:36:54] [INFO] [logger.py:133] [Step 590] train/loss: 0.0060, accuracy: 96.4286
[2025-12-29 18:36:55] [INFO] [logger.py:133] [Step 600] train/loss: 0.0061, accuracy: 96.9758
[2025-12-29 18:36:56] [INFO] [logger.py:133] [Step 610] train/loss: 0.0056, accuracy: 96.9512
[2025-12-29 18:36:58] [INFO] [logger.py:133] [Step 620] train/loss: 0.0453, accuracy: 97.1814
[2025-12-29 18:36:59] [INFO] [logger.py:133] [Step 630] train/loss: 0.0117, accuracy: 97.4385
[2025-12-29 18:37:00] [INFO] [logger.py:133] [Step 640] train/loss: 0.0451, accuracy: 97.0951
[2025-12-29 18:37:01] [INFO] [logger.py:133] [Step 650] train/loss: 0.0168, accuracy: 97.0679
[2025-12-29 18:37:02] [INFO] [logger.py:133] [Step 660] train/loss: 0.0189, accuracy: 97.0467
[2025-12-29 18:37:03] [INFO] [logger.py:133] [Step 670] train/loss: 0.0075, accuracy: 97.1535
[2025-12-29 18:37:04] [INFO] [logger.py:133] [Step 680] train/loss: 0.0165, accuracy: 97.1284
[2025-12-29 18:37:05] [INFO] [logger.py:133] [Step 690] train/loss: 0.2639, accuracy: 97.1074
[2025-12-29 18:37:06] [INFO] [logger.py:133] [Step 700] train/loss: 0.0284, accuracy: 97.2328
[2025-12-29 18:37:08] [INFO] [logger.py:133] [Step 710] train/loss: 0.0060, accuracy: 97.2518
[2025-12-29 18:37:09] [INFO] [logger.py:133] [Step 720] train/loss: 0.0151, accuracy: 97.1854
[2025-12-29 18:37:10] [INFO] [logger.py:133] [Step 730] train/loss: 0.3016, accuracy: 97.2826
[2025-12-29 18:37:11] [INFO] [logger.py:133] [Step 740] train/loss: 0.0061, accuracy: 97.2222
[2025-12-29 18:37:12] [INFO] [logger.py:133] [Step 750] train/loss: 0.0109, accuracy: 97.2030
[2025-12-29 18:37:13] [INFO] [logger.py:133] [Step 760] train/loss: 0.0074, accuracy: 97.0223
[2025-12-29 18:37:14] [INFO] [logger.py:133] [Step 770] train/loss: 0.1885, accuracy: 97.0771
[2025-12-29 18:37:15] [INFO] [logger.py:133] [Step 780] train/loss: 0.0092, accuracy: 97.0972
[2025-12-29 18:37:16] [INFO] [logger.py:133] [Step 790] train/loss: 0.0137, accuracy: 97.0023
[2025-12-29 18:37:17] [INFO] [logger.py:133] [Step 800] train/loss: 0.0723, accuracy: 96.9426
[2025-12-29 18:37:19] [INFO] [logger.py:133] [Step 810] train/loss: 0.0069, accuracy: 97.0176
[2025-12-29 18:37:20] [INFO] [logger.py:133] [Step 820] train/loss: 0.0125, accuracy: 97.1116
[2025-12-29 18:37:21] [INFO] [logger.py:133] [Step 830] train/loss: 0.0079, accuracy: 97.1983
[2025-12-29 18:37:22] [INFO] [logger.py:133] [Step 840] train/loss: 0.0072, accuracy: 97.1863
[2025-12-29 18:37:23] [INFO] [logger.py:133] [Step 850] train/loss: 0.0066, accuracy: 97.1530
[2025-12-29 18:37:26] [INFO] [logger.py:98] Epoch 2 | Train Loss: 0.0568 | Train Acc: 97.17% | Val Loss: 0.0336 | Val Acc: 0.9808 | Val F1: 0.9801 | LR: 9.98e-05 | Time: 34.5s
[2025-12-29 18:37:26] [INFO] [logger.py:133] [Step 2] train/loss: 0.0568, accuracy: 97.1711
[2025-12-29 18:37:26] [INFO] [logger.py:133] [Step 2] val/accuracy: 0.9808, precision_macro: 0.9801, recall_macro: 0.9803, f1_macro: 0.9801, precision_weighted: 0.9809, recall_weighted: 0.9808, f1_weighted: 0.9807, loss: 0.0336
[2025-12-29 18:37:36] [INFO] [logger.py:98] New best model! Accuracy: 0.9808
[2025-12-29 18:37:36] [INFO] [logger.py:133] [Step 855] train/loss: 0.0063, accuracy: 100.0000
[2025-12-29 18:37:37] [INFO] [logger.py:133] [Step 865] train/loss: 0.0202, accuracy: 98.8636
[2025-12-29 18:37:38] [INFO] [logger.py:133] [Step 875] train/loss: 0.2296, accuracy: 98.5119
[2025-12-29 18:37:40] [INFO] [logger.py:133] [Step 885] train/loss: 0.0255, accuracy: 98.5887
[2025-12-29 18:37:41] [INFO] [logger.py:133] [Step 895] train/loss: 0.0082, accuracy: 97.7134
[2025-12-29 18:37:42] [INFO] [logger.py:133] [Step 905] train/loss: 0.0114, accuracy: 97.6716
[2025-12-29 18:37:43] [INFO] [logger.py:133] [Step 915] train/loss: 0.0108, accuracy: 97.9508
[2025-12-29 18:37:44] [INFO] [logger.py:133] [Step 925] train/loss: 0.2073, accuracy: 97.8873
[2025-12-29 18:37:45] [INFO] [logger.py:133] [Step 935] train/loss: 0.0110, accuracy: 97.9938
[2025-12-29 18:37:46] [INFO] [logger.py:133] [Step 945] train/loss: 0.0070, accuracy: 97.8709
[2025-12-29 18:37:47] [INFO] [logger.py:133] [Step 955] train/loss: 0.0059, accuracy: 97.8342
[2025-12-29 18:37:48] [INFO] [logger.py:133] [Step 965] train/loss: 0.0055, accuracy: 97.9167
[2025-12-29 18:37:50] [INFO] [logger.py:133] [Step 975] train/loss: 0.3504, accuracy: 97.9339
[2025-12-29 18:37:51] [INFO] [logger.py:133] [Step 985] train/loss: 0.0125, accuracy: 97.8531
[2025-12-29 18:37:52] [INFO] [logger.py:133] [Step 995] train/loss: 0.0645, accuracy: 97.8723
[2025-12-29 18:37:53] [INFO] [logger.py:133] [Step 1005] train/loss: 0.0120, accuracy: 97.8891
[2025-12-29 18:37:54] [INFO] [logger.py:133] [Step 1015] train/loss: 0.2051, accuracy: 97.9814
[2025-12-29 18:37:55] [INFO] [logger.py:133] [Step 1025] train/loss: 0.0052, accuracy: 98.0629
[2025-12-29 18:37:56] [INFO] [logger.py:133] [Step 1035] train/loss: 0.0077, accuracy: 98.1699
[2025-12-29 18:37:57] [INFO] [logger.py:133] [Step 1045] train/loss: 0.0112, accuracy: 98.2330
[2025-12-29 18:37:58] [INFO] [logger.py:133] [Step 1055] train/loss: 0.0113, accuracy: 98.2276
[2025-12-29 18:38:00] [INFO] [logger.py:133] [Step 1065] train/loss: 0.0059, accuracy: 98.3116
[2025-12-29 18:38:01] [INFO] [logger.py:133] [Step 1075] train/loss: 0.0060, accuracy: 98.2466
[2025-12-29 18:38:02] [INFO] [logger.py:133] [Step 1085] train/loss: 0.0057, accuracy: 98.2955
[2025-12-29 18:38:03] [INFO] [logger.py:133] [Step 1095] train/loss: 0.0082, accuracy: 98.2884
[2025-12-29 18:38:04] [INFO] [logger.py:133] [Step 1105] train/loss: 0.0079, accuracy: 98.2819
[2025-12-29 18:38:05] [INFO] [logger.py:133] [Step 1115] train/loss: 0.0056, accuracy: 98.2998
[2025-12-29 18:38:06] [INFO] [logger.py:133] [Step 1125] train/loss: 0.0052, accuracy: 98.3625
[2025-12-29 18:38:07] [INFO] [logger.py:133] [Step 1135] train/loss: 0.0054, accuracy: 98.3096
[2025-12-29 18:38:11] [INFO] [logger.py:98] Epoch 3 | Train Loss: 0.0376 | Train Acc: 98.33% | Val Loss: 0.0498 | Val Acc: 0.9816 | Val F1: 0.9815 | LR: 9.96e-05 | Time: 35.0s
[2025-12-29 18:38:11] [INFO] [logger.py:133] [Step 3] train/loss: 0.0376, accuracy: 98.3333
[2025-12-29 18:38:11] [INFO] [logger.py:133] [Step 3] val/accuracy: 0.9816, precision_macro: 0.9819, recall_macro: 0.9814, f1_macro: 0.9815, precision_weighted: 0.9819, recall_weighted: 0.9816, f1_weighted: 0.9817, loss: 0.0498
[2025-12-29 18:38:20] [INFO] [logger.py:98] New best model! Accuracy: 0.9816
[2025-12-29 18:38:21] [INFO] [logger.py:133] [Step 1140] train/loss: 0.2026, accuracy: 87.5000
[2025-12-29 18:38:22] [INFO] [logger.py:133] [Step 1150] train/loss: 0.0272, accuracy: 97.1591
[2025-12-29 18:38:23] [INFO] [logger.py:133] [Step 1160] train/loss: 0.0056, accuracy: 97.0238
[2025-12-29 18:38:24] [INFO] [logger.py:133] [Step 1170] train/loss: 0.0367, accuracy: 96.7742
[2025-12-29 18:38:25] [INFO] [logger.py:133] [Step 1180] train/loss: 0.0101, accuracy: 96.9512
[2025-12-29 18:38:26] [INFO] [logger.py:133] [Step 1190] train/loss: 0.0072, accuracy: 97.3039
[2025-12-29 18:38:28] [INFO] [logger.py:133] [Step 1200] train/loss: 0.0060, accuracy: 96.9262
[2025-12-29 18:38:29] [INFO] [logger.py:133] [Step 1210] train/loss: 0.1491, accuracy: 96.9190
[2025-12-29 18:38:30] [INFO] [logger.py:133] [Step 1220] train/loss: 0.1047, accuracy: 97.0679
[2025-12-29 18:38:31] [INFO] [logger.py:133] [Step 1230] train/loss: 0.0073, accuracy: 97.1841
[2025-12-29 18:38:32] [INFO] [logger.py:133] [Step 1240] train/loss: 0.0074, accuracy: 97.3391
[2025-12-29 18:38:33] [INFO] [logger.py:133] [Step 1250] train/loss: 0.0058, accuracy: 97.4099
[2025-12-29 18:38:34] [INFO] [logger.py:133] [Step 1260] train/loss: 0.0056, accuracy: 97.5723
[2025-12-29 18:38:35] [INFO] [logger.py:133] [Step 1270] train/loss: 0.0076, accuracy: 97.6622
[2025-12-29 18:38:36] [INFO] [logger.py:133] [Step 1280] train/loss: 0.0137, accuracy: 97.7394
[2025-12-29 18:38:38] [INFO] [logger.py:133] [Step 1290] train/loss: 0.0057, accuracy: 97.8477
[2025-12-29 18:38:39] [INFO] [logger.py:133] [Step 1300] train/loss: 0.0054, accuracy: 97.8261
[2025-12-29 18:38:40] [INFO] [logger.py:133] [Step 1310] train/loss: 0.0058, accuracy: 97.8436
[2025-12-29 18:38:41] [INFO] [logger.py:133] [Step 1320] train/loss: 0.1366, accuracy: 97.8591
[2025-12-29 18:38:42] [INFO] [logger.py:133] [Step 1330] train/loss: 0.0340, accuracy: 97.8403
[2025-12-29 18:38:43] [INFO] [logger.py:133] [Step 1340] train/loss: 0.2238, accuracy: 97.7923
[2025-12-29 18:38:44] [INFO] [logger.py:133] [Step 1350] train/loss: 0.0070, accuracy: 97.8969
[2025-12-29 18:38:45] [INFO] [logger.py:133] [Step 1360] train/loss: 0.0091, accuracy: 97.9072
[2025-12-29 18:38:47] [INFO] [logger.py:133] [Step 1370] train/loss: 0.0150, accuracy: 97.9167
[2025-12-29 18:38:48] [INFO] [logger.py:133] [Step 1380] train/loss: 0.0650, accuracy: 97.8994
[2025-12-29 18:38:49] [INFO] [logger.py:133] [Step 1390] train/loss: 0.0058, accuracy: 97.9084
[2025-12-29 18:38:50] [INFO] [logger.py:133] [Step 1400] train/loss: 0.0357, accuracy: 97.9646
[2025-12-29 18:38:51] [INFO] [logger.py:133] [Step 1410] train/loss: 0.0077, accuracy: 98.0166
[2025-12-29 18:38:52] [INFO] [logger.py:133] [Step 1420] train/loss: 0.0273, accuracy: 98.0427
[2025-12-29 18:38:55] [INFO] [logger.py:98] Epoch 4 | Train Loss: 0.0393 | Train Acc: 98.07% | Val Loss: 0.0417 | Val Acc: 0.9843 | Val F1: 0.9839 | LR: 9.94e-05 | Time: 35.0s
[2025-12-29 18:38:55] [INFO] [logger.py:133] [Step 4] train/loss: 0.0393, accuracy: 98.0702
[2025-12-29 18:38:55] [INFO] [logger.py:133] [Step 4] val/accuracy: 0.9843, precision_macro: 0.9842, recall_macro: 0.9839, f1_macro: 0.9839, precision_weighted: 0.9845, recall_weighted: 0.9843, f1_weighted: 0.9843, auc_roc_macro: 0.9995, auc_roc_weighted: 0.9995, loss: 0.0417
[2025-12-29 18:39:05] [INFO] [logger.py:98] New best model! Accuracy: 0.9843
[2025-12-29 18:39:06] [INFO] [logger.py:133] [Step 1425] train/loss: 0.0061, accuracy: 100.0000
[2025-12-29 18:39:07] [INFO] [logger.py:133] [Step 1435] train/loss: 0.0090, accuracy: 97.1591
[2025-12-29 18:39:08] [INFO] [logger.py:133] [Step 1445] train/loss: 0.0199, accuracy: 97.6190
[2025-12-29 18:39:09] [INFO] [logger.py:133] [Step 1455] train/loss: 0.0079, accuracy: 98.1855
[2025-12-29 18:39:10] [INFO] [logger.py:133] [Step 1465] train/loss: 0.0058, accuracy: 98.3232
[2025-12-29 18:39:11] [INFO] [logger.py:133] [Step 1475] train/loss: 0.0067, accuracy: 98.4069
[2025-12-29 18:39:12] [INFO] [logger.py:133] [Step 1485] train/loss: 0.0054, accuracy: 98.5656
[2025-12-29 18:39:13] [INFO] [logger.py:133] [Step 1495] train/loss: 0.0994, accuracy: 98.5915
[2025-12-29 18:39:14] [INFO] [logger.py:133] [Step 1505] train/loss: 0.0437, accuracy: 98.6111
[2025-12-29 18:39:15] [INFO] [logger.py:133] [Step 1515] train/loss: 0.0055, accuracy: 98.4890
[2025-12-29 18:39:17] [INFO] [logger.py:133] [Step 1525] train/loss: 0.0059, accuracy: 98.5767
[2025-12-29 18:39:18] [INFO] [logger.py:133] [Step 1535] train/loss: 0.0097, accuracy: 98.5360
[2025-12-29 18:39:19] [INFO] [logger.py:133] [Step 1545] train/loss: 0.0058, accuracy: 98.6054
[2025-12-29 18:39:20] [INFO] [logger.py:133] [Step 1555] train/loss: 0.0057, accuracy: 98.4256
[2025-12-29 18:39:21] [INFO] [logger.py:133] [Step 1565] train/loss: 0.0121, accuracy: 98.4486
[2025-12-29 18:39:22] [INFO] [logger.py:133] [Step 1575] train/loss: 0.0057, accuracy: 98.3444
[2025-12-29 18:39:23] [INFO] [logger.py:133] [Step 1585] train/loss: 0.0061, accuracy: 98.3696
[2025-12-29 18:39:24] [INFO] [logger.py:133] [Step 1595] train/loss: 0.0074, accuracy: 98.3918
[2025-12-29 18:39:25] [INFO] [logger.py:133] [Step 1605] train/loss: 0.0054, accuracy: 98.3771
[2025-12-29 18:39:27] [INFO] [logger.py:133] [Step 1615] train/loss: 0.0060, accuracy: 98.2657
[2025-12-29 18:39:28] [INFO] [logger.py:133] [Step 1625] train/loss: 0.0267, accuracy: 98.2898
[2025-12-29 18:39:29] [INFO] [logger.py:133] [Step 1635] train/loss: 0.0055, accuracy: 98.3709
[2025-12-29 18:39:30] [INFO] [logger.py:133] [Step 1645] train/loss: 0.0069, accuracy: 98.4446
[2025-12-29 18:39:31] [INFO] [logger.py:133] [Step 1655] train/loss: 0.0054, accuracy: 98.4037
[2025-12-29 18:39:32] [INFO] [logger.py:133] [Step 1665] train/loss: 0.0055, accuracy: 98.3662
[2025-12-29 18:39:33] [INFO] [logger.py:133] [Step 1675] train/loss: 0.0061, accuracy: 98.3815
[2025-12-29 18:39:34] [INFO] [logger.py:133] [Step 1685] train/loss: 0.0061, accuracy: 98.3956
[2025-12-29 18:39:36] [INFO] [logger.py:133] [Step 1695] train/loss: 0.0094, accuracy: 98.4087
[2025-12-29 18:39:37] [INFO] [logger.py:133] [Step 1705] train/loss: 0.0055, accuracy: 98.4208
[2025-12-29 18:39:40] [INFO] [logger.py:98] Epoch 5 | Train Loss: 0.0361 | Train Acc: 98.42% | Val Loss: 0.0369 | Val Acc: 0.9843 | Val F1: 0.9839 | LR: 9.91e-05 | Time: 34.6s
[2025-12-29 18:39:40] [INFO] [logger.py:133] [Step 5] train/loss: 0.0361, accuracy: 98.4211
[2025-12-29 18:39:40] [INFO] [logger.py:133] [Step 5] val/accuracy: 0.9843, precision_macro: 0.9840, recall_macro: 0.9842, f1_macro: 0.9839, precision_weighted: 0.9848, recall_weighted: 0.9843, f1_weighted: 0.9843, loss: 0.0369
[2025-12-29 18:39:41] [INFO] [logger.py:133] [Step 1710] train/loss: 0.0058, accuracy: 100.0000
[2025-12-29 18:39:43] [INFO] [logger.py:133] [Step 1720] train/loss: 0.0239, accuracy: 98.2955
[2025-12-29 18:39:44] [INFO] [logger.py:133] [Step 1730] train/loss: 0.0060, accuracy: 98.5119
[2025-12-29 18:39:45] [INFO] [logger.py:133] [Step 1740] train/loss: 0.0267, accuracy: 98.5887
[2025-12-29 18:39:46] [INFO] [logger.py:133] [Step 1750] train/loss: 0.0253, accuracy: 98.6280
[2025-12-29 18:39:47] [INFO] [logger.py:133] [Step 1760] train/loss: 0.0054, accuracy: 98.7745
[2025-12-29 18:39:48] [INFO] [logger.py:133] [Step 1770] train/loss: 0.0053, accuracy: 98.8730
[2025-12-29 18:39:49] [INFO] [logger.py:133] [Step 1780] train/loss: 0.0054, accuracy: 98.9437
[2025-12-29 18:39:50] [INFO] [logger.py:133] [Step 1790] train/loss: 0.0243, accuracy: 98.9969
[2025-12-29 18:39:51] [INFO] [logger.py:133] [Step 1800] train/loss: 0.0955, accuracy: 98.9698
[2025-12-29 18:39:52] [INFO] [logger.py:133] [Step 1810] train/loss: 0.0059, accuracy: 98.9480
[2025-12-29 18:39:54] [INFO] [logger.py:133] [Step 1820] train/loss: 0.0055, accuracy: 99.0428
[2025-12-29 18:39:55] [INFO] [logger.py:133] [Step 1830] train/loss: 0.0055, accuracy: 98.9669
[2025-12-29 18:39:56] [INFO] [logger.py:133] [Step 1840] train/loss: 0.0054, accuracy: 98.9981
[2025-12-29 18:39:57] [INFO] [logger.py:133] [Step 1850] train/loss: 0.0068, accuracy: 99.0248
[2025-12-29 18:39:58] [INFO] [logger.py:133] [Step 1860] train/loss: 0.0055, accuracy: 99.0066
[2025-12-29 18:39:59] [INFO] [logger.py:133] [Step 1870] train/loss: 0.0053, accuracy: 99.0683
[2025-12-29 18:40:00] [INFO] [logger.py:133] [Step 1880] train/loss: 0.0061, accuracy: 99.0132
[2025-12-29 18:40:01] [INFO] [logger.py:133] [Step 1890] train/loss: 0.0117, accuracy: 99.0677
[2025-12-29 18:40:02] [INFO] [logger.py:133] [Step 1900] train/loss: 0.0085, accuracy: 98.9202
[2025-12-29 18:40:03] [INFO] [logger.py:133] [Step 1910] train/loss: 0.0060, accuracy: 98.9739
[2025-12-29 18:40:05] [INFO] [logger.py:133] [Step 1920] train/loss: 0.0062, accuracy: 98.8448
[2025-12-29 18:40:06] [INFO] [logger.py:133] [Step 1930] train/loss: 0.0539, accuracy: 98.7839
[2025-12-29 18:40:07] [INFO] [logger.py:133] [Step 1940] train/loss: 0.0072, accuracy: 98.7825
[2025-12-29 18:40:08] [INFO] [logger.py:133] [Step 1950] train/loss: 0.0093, accuracy: 98.7811
[2025-12-29 18:40:09] [INFO] [logger.py:133] [Step 1960] train/loss: 0.0065, accuracy: 98.7799
[2025-12-29 18:40:10] [INFO] [logger.py:133] [Step 1970] train/loss: 0.0063, accuracy: 98.8266
[2025-12-29 18:40:11] [INFO] [logger.py:133] [Step 1980] train/loss: 0.0056, accuracy: 98.8469
[2025-12-29 18:40:12] [INFO] [logger.py:133] [Step 1990] train/loss: 0.0054, accuracy: 98.8879
[2025-12-29 18:40:15] [INFO] [logger.py:98] Epoch 6 | Train Loss: 0.0267 | Train Acc: 98.90% | Val Loss: 0.0306 | Val Acc: 0.9895 | Val F1: 0.9894 | LR: 9.88e-05 | Time: 34.5s
[2025-12-29 18:40:15] [INFO] [logger.py:133] [Step 6] train/loss: 0.0267, accuracy: 98.9035
[2025-12-29 18:40:15] [INFO] [logger.py:133] [Step 6] val/accuracy: 0.9895, precision_macro: 0.9891, recall_macro: 0.9898, f1_macro: 0.9894, precision_weighted: 0.9896, recall_weighted: 0.9895, f1_weighted: 0.9895, loss: 0.0306
[2025-12-29 18:40:26] [INFO] [logger.py:98] New best model! Accuracy: 0.9895
[2025-12-29 18:40:27] [INFO] [logger.py:133] [Step 1995] train/loss: 0.1872, accuracy: 93.7500
[2025-12-29 18:40:28] [INFO] [logger.py:133] [Step 2005] train/loss: 0.0731, accuracy: 97.1591
[2025-12-29 18:40:29] [INFO] [logger.py:133] [Step 2015] train/loss: 0.0065, accuracy: 98.2143
[2025-12-29 18:40:30] [INFO] [logger.py:133] [Step 2025] train/loss: 0.0429, accuracy: 98.3871
[2025-12-29 18:40:31] [INFO] [logger.py:133] [Step 2035] train/loss: 0.0052, accuracy: 98.6280
[2025-12-29 18:40:32] [INFO] [logger.py:133] [Step 2045] train/loss: 0.0055, accuracy: 98.5294
[2025-12-29 18:40:33] [INFO] [logger.py:133] [Step 2055] train/loss: 0.0112, accuracy: 98.4631
[2025-12-29 18:40:35] [INFO] [logger.py:133] [Step 2065] train/loss: 0.0064, accuracy: 98.5035
[2025-12-29 18:40:36] [INFO] [logger.py:133] [Step 2075] train/loss: 0.0073, accuracy: 98.4568
[2025-12-29 18:40:37] [INFO] [logger.py:133] [Step 2085] train/loss: 0.0073, accuracy: 98.4890
[2025-12-29 18:40:38] [INFO] [logger.py:133] [Step 2095] train/loss: 0.0102, accuracy: 98.5767
[2025-12-29 18:40:39] [INFO] [logger.py:133] [Step 2105] train/loss: 0.0069, accuracy: 98.5360
[2025-12-29 18:40:40] [INFO] [logger.py:133] [Step 2115] train/loss: 0.0195, accuracy: 98.5537
[2025-12-29 18:40:41] [INFO] [logger.py:133] [Step 2125] train/loss: 0.0050, accuracy: 98.6164
[2025-12-29 18:40:42] [INFO] [logger.py:133] [Step 2135] train/loss: 0.0096, accuracy: 98.7145
[2025-12-29 18:40:43] [INFO] [logger.py:133] [Step 2145] train/loss: 0.0817, accuracy: 98.6755
[2025-12-29 18:40:44] [INFO] [logger.py:133] [Step 2155] train/loss: 0.0059, accuracy: 98.6801
[2025-12-29 18:40:46] [INFO] [logger.py:133] [Step 2165] train/loss: 0.0239, accuracy: 98.6842
[2025-12-29 18:40:47] [INFO] [logger.py:133] [Step 2175] train/loss: 0.0060, accuracy: 98.6878
[2025-12-29 18:40:48] [INFO] [logger.py:133] [Step 2185] train/loss: 0.1644, accuracy: 98.5929
[2025-12-29 18:40:49] [INFO] [logger.py:133] [Step 2195] train/loss: 0.0057, accuracy: 98.5697
[2025-12-29 18:40:50] [INFO] [logger.py:133] [Step 2205] train/loss: 0.0060, accuracy: 98.5190
[2025-12-29 18:40:51] [INFO] [logger.py:133] [Step 2215] train/loss: 0.0059, accuracy: 98.4163
[2025-12-29 18:40:52] [INFO] [logger.py:133] [Step 2225] train/loss: 0.0070, accuracy: 98.4307
[2025-12-29 18:40:53] [INFO] [logger.py:133] [Step 2235] train/loss: 0.0056, accuracy: 98.4699
[2025-12-29 18:40:54] [INFO] [logger.py:133] [Step 2245] train/loss: 0.0057, accuracy: 98.5060
[2025-12-29 18:40:56] [INFO] [logger.py:133] [Step 2255] train/loss: 0.0053, accuracy: 98.5632
[2025-12-29 18:40:57] [INFO] [logger.py:133] [Step 2265] train/loss: 0.0567, accuracy: 98.5701
[2025-12-29 18:40:58] [INFO] [logger.py:133] [Step 2275] train/loss: 0.0272, accuracy: 98.5765
[2025-12-29 18:41:01] [INFO] [logger.py:98] Epoch 7 | Train Loss: 0.0323 | Train Acc: 98.60% | Val Loss: 0.0325 | Val Acc: 0.9886 | Val F1: 0.9883 | LR: 9.84e-05 | Time: 34.5s
[2025-12-29 18:41:01] [INFO] [logger.py:133] [Step 7] train/loss: 0.0323, accuracy: 98.5965
[2025-12-29 18:41:01] [INFO] [logger.py:133] [Step 7] val/accuracy: 0.9886, precision_macro: 0.9885, recall_macro: 0.9882, f1_macro: 0.9883, precision_weighted: 0.9889, recall_weighted: 0.9886, f1_weighted: 0.9886, loss: 0.0325
[2025-12-29 18:41:03] [INFO] [logger.py:133] [Step 2280] train/loss: 0.0055, accuracy: 100.0000
[2025-12-29 18:41:04] [INFO] [logger.py:133] [Step 2290] train/loss: 0.0055, accuracy: 98.8636
[2025-12-29 18:41:05] [INFO] [logger.py:133] [Step 2300] train/loss: 0.0054, accuracy: 98.8095
[2025-12-29 18:41:06] [INFO] [logger.py:133] [Step 2310] train/loss: 0.0065, accuracy: 99.1935
[2025-12-29 18:41:07] [INFO] [logger.py:133] [Step 2320] train/loss: 0.0052, accuracy: 98.9329
[2025-12-29 18:41:08] [INFO] [logger.py:133] [Step 2330] train/loss: 0.0075, accuracy: 98.8971
[2025-12-29 18:41:09] [INFO] [logger.py:133] [Step 2340] train/loss: 0.0058, accuracy: 98.9754
[2025-12-29 18:41:10] [INFO] [logger.py:133] [Step 2350] train/loss: 0.0054, accuracy: 98.8556
[2025-12-29 18:41:11] [INFO] [logger.py:133] [Step 2360] train/loss: 0.0058, accuracy: 98.9969
[2025-12-29 18:41:12] [INFO] [logger.py:133] [Step 2370] train/loss: 0.0054, accuracy: 99.0385
[2025-12-29 18:41:14] [INFO] [logger.py:133] [Step 2380] train/loss: 0.0054, accuracy: 99.0718
[2025-12-29 18:41:15] [INFO] [logger.py:133] [Step 2390] train/loss: 0.0053, accuracy: 99.0428
[2025-12-29 18:41:16] [INFO] [logger.py:133] [Step 2400] train/loss: 0.0059, accuracy: 99.1219
[2025-12-29 18:41:17] [INFO] [logger.py:133] [Step 2410] train/loss: 0.0053, accuracy: 99.0935
[2025-12-29 18:41:18] [INFO] [logger.py:133] [Step 2420] train/loss: 0.0054, accuracy: 99.1135
[2025-12-29 18:41:19] [INFO] [logger.py:133] [Step 2430] train/loss: 0.1309, accuracy: 99.0480
[2025-12-29 18:41:20] [INFO] [logger.py:133] [Step 2440] train/loss: 0.0070, accuracy: 99.0295
[2025-12-29 18:41:21] [INFO] [logger.py:133] [Step 2450] train/loss: 0.0131, accuracy: 98.8304
[2025-12-29 18:41:22] [INFO] [logger.py:133] [Step 2460] train/loss: 0.0057, accuracy: 98.7569
[2025-12-29 18:41:24] [INFO] [logger.py:133] [Step 2470] train/loss: 0.0753, accuracy: 98.7565
[2025-12-29 18:41:25] [INFO] [logger.py:133] [Step 2480] train/loss: 0.0218, accuracy: 98.7562
[2025-12-29 18:41:26] [INFO] [logger.py:133] [Step 2490] train/loss: 0.0055, accuracy: 98.6671
[2025-12-29 18:41:27] [INFO] [logger.py:133] [Step 2500] train/loss: 0.0637, accuracy: 98.5577
[2025-12-29 18:41:28] [INFO] [logger.py:133] [Step 2510] train/loss: 0.0091, accuracy: 98.5931
[2025-12-29 18:41:29] [INFO] [logger.py:133] [Step 2520] train/loss: 0.0505, accuracy: 98.5477
[2025-12-29 18:41:30] [INFO] [logger.py:133] [Step 2530] train/loss: 0.0055, accuracy: 98.5807
[2025-12-29 18:41:31] [INFO] [logger.py:133] [Step 2540] train/loss: 0.0062, accuracy: 98.6351
[2025-12-29 18:41:32] [INFO] [logger.py:133] [Step 2550] train/loss: 0.0130, accuracy: 98.6624
[2025-12-29 18:41:34] [INFO] [logger.py:133] [Step 2560] train/loss: 0.0057, accuracy: 98.6432
[2025-12-29 18:41:37] [INFO] [logger.py:98] Epoch 8 | Train Loss: 0.0313 | Train Acc: 98.66% | Val Loss: 0.0293 | Val Acc: 0.9878 | Val F1: 0.9875 | LR: 9.80e-05 | Time: 34.5s
[2025-12-29 18:41:37] [INFO] [logger.py:133] [Step 8] train/loss: 0.0313, accuracy: 98.6623
[2025-12-29 18:41:37] [INFO] [logger.py:133] [Step 8] val/accuracy: 0.9878, precision_macro: 0.9875, recall_macro: 0.9878, f1_macro: 0.9875, precision_weighted: 0.9880, recall_weighted: 0.9878, f1_weighted: 0.9878, auc_roc_macro: 0.9997, auc_roc_weighted: 0.9997, loss: 0.0293
[2025-12-29 18:41:38] [INFO] [logger.py:133] [Step 2565] train/loss: 0.0056, accuracy: 100.0000
[2025-12-29 18:41:39] [INFO] [logger.py:133] [Step 2575] train/loss: 0.0057, accuracy: 97.7273
[2025-12-29 18:41:40] [INFO] [logger.py:133] [Step 2585] train/loss: 0.0055, accuracy: 98.8095
[2025-12-29 18:41:42] [INFO] [logger.py:133] [Step 2595] train/loss: 0.0060, accuracy: 98.9919
[2025-12-29 18:41:43] [INFO] [logger.py:133] [Step 2605] train/loss: 0.0053, accuracy: 99.2378
[2025-12-29 18:41:44] [INFO] [logger.py:133] [Step 2615] train/loss: 0.0056, accuracy: 99.1422
[2025-12-29 18:41:45] [INFO] [logger.py:133] [Step 2625] train/loss: 0.0052, accuracy: 99.1803
[2025-12-29 18:41:46] [INFO] [logger.py:133] [Step 2635] train/loss: 0.2657, accuracy: 99.0317
[2025-12-29 18:41:47] [INFO] [logger.py:133] [Step 2645] train/loss: 0.0059, accuracy: 99.1512
[2025-12-29 18:41:48] [INFO] [logger.py:133] [Step 2655] train/loss: 0.0060, accuracy: 99.1071
[2025-12-29 18:41:49] [INFO] [logger.py:133] [Step 2665] train/loss: 0.0056, accuracy: 99.1955
[2025-12-29 18:41:50] [INFO] [logger.py:133] [Step 2675] train/loss: 0.0054, accuracy: 99.2117
[2025-12-29 18:41:52] [INFO] [logger.py:133] [Step 2685] train/loss: 0.0054, accuracy: 99.2252
[2025-12-29 18:41:53] [INFO] [logger.py:133] [Step 2695] train/loss: 0.0054, accuracy: 99.2844
[2025-12-29 18:41:54] [INFO] [logger.py:133] [Step 2705] train/loss: 0.0133, accuracy: 99.2908
[2025-12-29 18:41:55] [INFO] [logger.py:133] [Step 2715] train/loss: 0.0056, accuracy: 99.2550
[2025-12-29 18:41:56] [INFO] [logger.py:133] [Step 2725] train/loss: 0.0102, accuracy: 99.1848
[2025-12-29 18:41:57] [INFO] [logger.py:133] [Step 2735] train/loss: 0.0327, accuracy: 99.1594
[2025-12-29 18:41:58] [INFO] [logger.py:133] [Step 2745] train/loss: 0.0071, accuracy: 99.1713
[2025-12-29 18:41:59] [INFO] [logger.py:133] [Step 2755] train/loss: 0.0075, accuracy: 98.9856
[2025-12-29 18:42:00] [INFO] [logger.py:133] [Step 2765] train/loss: 0.0067, accuracy: 98.8806
[2025-12-29 18:42:01] [INFO] [logger.py:133] [Step 2775] train/loss: 0.0281, accuracy: 98.8744
[2025-12-29 18:42:03] [INFO] [logger.py:133] [Step 2785] train/loss: 0.0342, accuracy: 98.8122
[2025-12-29 18:42:04] [INFO] [logger.py:133] [Step 2795] train/loss: 0.0057, accuracy: 98.8095
[2025-12-29 18:42:05] [INFO] [logger.py:133] [Step 2805] train/loss: 0.0062, accuracy: 98.7293
[2025-12-29 18:42:06] [INFO] [logger.py:133] [Step 2815] train/loss: 0.0068, accuracy: 98.7301
[2025-12-29 18:42:07] [INFO] [logger.py:133] [Step 2825] train/loss: 0.1996, accuracy: 98.7308
[2025-12-29 18:42:08] [INFO] [logger.py:133] [Step 2835] train/loss: 0.0069, accuracy: 98.7546
[2025-12-29 18:42:10] [INFO] [logger.py:133] [Step 2845] train/loss: 0.0226, accuracy: 98.7322
[2025-12-29 18:42:13] [INFO] [logger.py:98] Epoch 9 | Train Loss: 0.0309 | Train Acc: 98.75% | Val Loss: 0.0763 | Val Acc: 0.9720 | Val F1: 0.9719 | LR: 9.76e-05 | Time: 34.8s
[2025-12-29 18:42:13] [INFO] [logger.py:133] [Step 9] train/loss: 0.0309, accuracy: 98.7500
[2025-12-29 18:42:13] [INFO] [logger.py:133] [Step 9] val/accuracy: 0.9720, precision_macro: 0.9724, recall_macro: 0.9729, f1_macro: 0.9719, precision_weighted: 0.9740, recall_weighted: 0.9720, f1_weighted: 0.9723, loss: 0.0763
[2025-12-29 18:42:14] [INFO] [logger.py:133] [Step 2850] train/loss: 0.0113, accuracy: 100.0000
[2025-12-29 18:42:15] [INFO] [logger.py:133] [Step 2860] train/loss: 0.1221, accuracy: 98.2955
[2025-12-29 18:42:16] [INFO] [logger.py:133] [Step 2870] train/loss: 0.0056, accuracy: 98.8095
[2025-12-29 18:42:18] [INFO] [logger.py:133] [Step 2880] train/loss: 0.0056, accuracy: 98.7903
[2025-12-29 18:42:19] [INFO] [logger.py:133] [Step 2890] train/loss: 0.0053, accuracy: 98.7805
[2025-12-29 18:42:20] [INFO] [logger.py:133] [Step 2900] train/loss: 0.0316, accuracy: 98.8971
[2025-12-29 18:42:21] [INFO] [logger.py:133] [Step 2910] train/loss: 0.0762, accuracy: 98.8730
[2025-12-29 18:42:22] [INFO] [logger.py:133] [Step 2920] train/loss: 0.0055, accuracy: 98.9437
[2025-12-29 18:42:23] [INFO] [logger.py:133] [Step 2930] train/loss: 0.0056, accuracy: 98.9198
[2025-12-29 18:42:24] [INFO] [logger.py:133] [Step 2940] train/loss: 0.0053, accuracy: 98.9698
[2025-12-29 18:42:25] [INFO] [logger.py:133] [Step 2950] train/loss: 0.0056, accuracy: 98.8861
[2025-12-29 18:42:26] [INFO] [logger.py:133] [Step 2960] train/loss: 0.0111, accuracy: 98.9302
[2025-12-29 18:42:28] [INFO] [logger.py:133] [Step 2970] train/loss: 0.0065, accuracy: 98.9153
[2025-12-29 18:42:29] [INFO] [logger.py:133] [Step 2980] train/loss: 0.0094, accuracy: 98.9504
[2025-12-29 18:42:30] [INFO] [logger.py:133] [Step 2990] train/loss: 0.0055, accuracy: 98.9805
[2025-12-29 18:42:31] [INFO] [logger.py:133] [Step 3000] train/loss: 0.0056, accuracy: 98.8411
[2025-12-29 18:42:32] [INFO] [logger.py:133] [Step 3010] train/loss: 0.0066, accuracy: 98.8742
[2025-12-29 18:42:33] [INFO] [logger.py:133] [Step 3020] train/loss: 0.0054, accuracy: 98.9401
[2025-12-29 18:42:34] [INFO] [logger.py:133] [Step 3030] train/loss: 0.0184, accuracy: 98.9641
[2025-12-29 18:42:35] [INFO] [logger.py:133] [Step 3040] train/loss: 0.0055, accuracy: 98.9529
[2025-12-29 18:42:36] [INFO] [logger.py:133] [Step 3050] train/loss: 0.0076, accuracy: 98.9739
[2025-12-29 18:42:38] [INFO] [logger.py:133] [Step 3060] train/loss: 0.0072, accuracy: 98.9336
[2025-12-29 18:42:39] [INFO] [logger.py:133] [Step 3070] train/loss: 0.1087, accuracy: 98.9253
[2025-12-29 18:42:40] [INFO] [logger.py:133] [Step 3080] train/loss: 0.0053, accuracy: 98.9177
[2025-12-29 18:42:41] [INFO] [logger.py:133] [Step 3090] train/loss: 0.0054, accuracy: 98.9367
[2025-12-29 18:42:42] [INFO] [logger.py:133] [Step 3100] train/loss: 0.0055, accuracy: 98.9542
[2025-12-29 18:42:43] [INFO] [logger.py:133] [Step 3110] train/loss: 0.0317, accuracy: 98.9703
[2025-12-29 18:42:44] [INFO] [logger.py:133] [Step 3120] train/loss: 0.0060, accuracy: 98.9622
[2025-12-29 18:42:45] [INFO] [logger.py:133] [Step 3130] train/loss: 0.0055, accuracy: 98.9991
[2025-12-29 18:42:48] [INFO] [logger.py:98] Epoch 10 | Train Loss: 0.0248 | Train Acc: 99.01% | Val Loss: 0.0424 | Val Acc: 0.9895 | Val F1: 0.9893 | LR: 9.70e-05 | Time: 34.5s
[2025-12-29 18:42:48] [INFO] [logger.py:133] [Step 10] train/loss: 0.0248, accuracy: 99.0132
[2025-12-29 18:42:48] [INFO] [logger.py:133] [Step 10] val/accuracy: 0.9895, precision_macro: 0.9894, recall_macro: 0.9893, f1_macro: 0.9893, precision_weighted: 0.9896, recall_weighted: 0.9895, f1_weighted: 0.9895, loss: 0.0424
[2025-12-29 18:42:50] [INFO] [logger.py:133] [Step 3135] train/loss: 0.0180, accuracy: 100.0000
[2025-12-29 18:42:51] [INFO] [logger.py:133] [Step 3145] train/loss: 0.0054, accuracy: 100.0000
[2025-12-29 18:42:52] [INFO] [logger.py:133] [Step 3155] train/loss: 0.0757, accuracy: 99.7024
[2025-12-29 18:42:53] [INFO] [logger.py:133] [Step 3165] train/loss: 0.1129, accuracy: 99.5968
[2025-12-29 18:42:54] [INFO] [logger.py:133] [Step 3175] train/loss: 0.0053, accuracy: 99.3902
[2025-12-29 18:42:56] [INFO] [logger.py:133] [Step 3185] train/loss: 0.0059, accuracy: 99.3873
[2025-12-29 18:42:57] [INFO] [logger.py:133] [Step 3195] train/loss: 0.0056, accuracy: 99.4877
[2025-12-29 18:42:58] [INFO] [logger.py:133] [Step 3205] train/loss: 0.0056, accuracy: 99.3838
[2025-12-29 18:42:59] [INFO] [logger.py:133] [Step 3215] train/loss: 0.0060, accuracy: 99.4599
[2025-12-29 18:43:00] [INFO] [logger.py:133] [Step 3225] train/loss: 0.0056, accuracy: 99.5192
[2025-12-29 18:43:01] [INFO] [logger.py:133] [Step 3235] train/loss: 0.0054, accuracy: 99.5668
[2025-12-29 18:43:02] [INFO] [logger.py:133] [Step 3245] train/loss: 0.0056, accuracy: 99.5495
[2025-12-29 18:43:03] [INFO] [logger.py:133] [Step 3255] train/loss: 0.0076, accuracy: 99.5868
[2025-12-29 18:43:04] [INFO] [logger.py:133] [Step 3265] train/loss: 0.0056, accuracy: 99.6183
[2025-12-29 18:43:05] [INFO] [logger.py:133] [Step 3275] train/loss: 0.0124, accuracy: 99.5124
[2025-12-29 18:43:07] [INFO] [logger.py:133] [Step 3285] train/loss: 0.0307, accuracy: 99.5033
[2025-12-29 18:43:08] [INFO] [logger.py:133] [Step 3295] train/loss: 0.0058, accuracy: 99.5342
[2025-12-29 18:43:09] [INFO] [logger.py:133] [Step 3305] train/loss: 0.2195, accuracy: 99.4883
[2025-12-29 18:43:10] [INFO] [logger.py:133] [Step 3315] train/loss: 0.2524, accuracy: 99.3785
[2025-12-29 18:43:11] [INFO] [logger.py:133] [Step 3325] train/loss: 0.0055, accuracy: 99.2474
[2025-12-29 18:43:12] [INFO] [logger.py:133] [Step 3335] train/loss: 0.0148, accuracy: 99.2226
[2025-12-29 18:43:13] [INFO] [logger.py:133] [Step 3345] train/loss: 0.0061, accuracy: 99.2595
[2025-12-29 18:43:14] [INFO] [logger.py:133] [Step 3355] train/loss: 0.0820, accuracy: 99.1799
[2025-12-29 18:43:15] [INFO] [logger.py:133] [Step 3365] train/loss: 0.0897, accuracy: 99.1342
[2025-12-29 18:43:16] [INFO] [logger.py:133] [Step 3375] train/loss: 0.0059, accuracy: 99.1183
[2025-12-29 18:43:18] [INFO] [logger.py:133] [Step 3385] train/loss: 0.0139, accuracy: 99.0289
[2025-12-29 18:43:19] [INFO] [logger.py:133] [Step 3395] train/loss: 0.0066, accuracy: 99.0661
[2025-12-29 18:43:20] [INFO] [logger.py:133] [Step 3405] train/loss: 0.0074, accuracy: 99.0544
[2025-12-29 18:43:21] [INFO] [logger.py:133] [Step 3415] train/loss: 0.0061, accuracy: 98.9991
[2025-12-29 18:43:24] [INFO] [logger.py:98] Epoch 11 | Train Loss: 0.0271 | Train Acc: 99.01% | Val Loss: 0.0331 | Val Acc: 0.9895 | Val F1: 0.9894 | LR: 9.65e-05 | Time: 34.3s
[2025-12-29 18:43:24] [INFO] [logger.py:133] [Step 11] train/loss: 0.0271, accuracy: 99.0132
[2025-12-29 18:43:24] [INFO] [logger.py:133] [Step 11] val/accuracy: 0.9895, precision_macro: 0.9896, recall_macro: 0.9893, f1_macro: 0.9894, precision_weighted: 0.9896, recall_weighted: 0.9895, f1_weighted: 0.9895, loss: 0.0331
[2025-12-29 18:43:26] [INFO] [logger.py:133] [Step 3420] train/loss: 0.0956, accuracy: 93.7500
[2025-12-29 18:43:27] [INFO] [logger.py:133] [Step 3430] train/loss: 0.1372, accuracy: 97.7273
[2025-12-29 18:43:28] [INFO] [logger.py:133] [Step 3440] train/loss: 0.0057, accuracy: 98.5119
[2025-12-29 18:43:29] [INFO] [logger.py:133] [Step 3450] train/loss: 0.0058, accuracy: 98.7903
[2025-12-29 18:43:30] [INFO] [logger.py:133] [Step 3460] train/loss: 0.0053, accuracy: 98.9329
[2025-12-29 18:43:31] [INFO] [logger.py:133] [Step 3470] train/loss: 0.0141, accuracy: 99.0196
[2025-12-29 18:43:32] [INFO] [logger.py:133] [Step 3480] train/loss: 0.0056, accuracy: 98.9754
[2025-12-29 18:43:33] [INFO] [logger.py:133] [Step 3490] train/loss: 0.0056, accuracy: 99.0317
[2025-12-29 18:43:35] [INFO] [logger.py:133] [Step 3500] train/loss: 0.0056, accuracy: 99.0741
[2025-12-29 18:43:36] [INFO] [logger.py:133] [Step 3510] train/loss: 0.0090, accuracy: 99.0385
[2025-12-29 18:43:37] [INFO] [logger.py:133] [Step 3520] train/loss: 0.0061, accuracy: 99.1337
[2025-12-29 18:43:38] [INFO] [logger.py:133] [Step 3530] train/loss: 0.0053, accuracy: 99.2117
[2025-12-29 18:43:39] [INFO] [logger.py:133] [Step 3540] train/loss: 0.0056, accuracy: 99.2252
[2025-12-29 18:43:40] [INFO] [logger.py:133] [Step 3550] train/loss: 0.0065, accuracy: 99.2844
[2025-12-29 18:43:41] [INFO] [logger.py:133] [Step 3560] train/loss: 0.0076, accuracy: 99.2908
[2025-12-29 18:43:42] [INFO] [logger.py:133] [Step 3570] train/loss: 0.0053, accuracy: 99.2964
[2025-12-29 18:43:43] [INFO] [logger.py:133] [Step 3580] train/loss: 0.2333, accuracy: 99.3012
[2025-12-29 18:43:45] [INFO] [logger.py:133] [Step 3590] train/loss: 0.0550, accuracy: 99.3056
[2025-12-29 18:43:46] [INFO] [logger.py:133] [Step 3600] train/loss: 0.1718, accuracy: 99.3094
[2025-12-29 18:43:47] [INFO] [logger.py:133] [Step 3610] train/loss: 0.0055, accuracy: 99.3128
[2025-12-29 18:43:48] [INFO] [logger.py:133] [Step 3620] train/loss: 0.0056, accuracy: 99.3159
[2025-12-29 18:43:49] [INFO] [logger.py:133] [Step 3630] train/loss: 0.0055, accuracy: 99.3483
[2025-12-29 18:43:50] [INFO] [logger.py:133] [Step 3640] train/loss: 0.1552, accuracy: 99.2930
[2025-12-29 18:43:51] [INFO] [logger.py:133] [Step 3650] train/loss: 0.0056, accuracy: 99.2965
[2025-12-29 18:43:52] [INFO] [logger.py:133] [Step 3660] train/loss: 0.0056, accuracy: 99.2479
[2025-12-29 18:43:53] [INFO] [logger.py:133] [Step 3670] train/loss: 0.0056, accuracy: 99.2281
[2025-12-29 18:43:55] [INFO] [logger.py:133] [Step 3680] train/loss: 0.0053, accuracy: 99.2337
[2025-12-29 18:43:56] [INFO] [logger.py:133] [Step 3690] train/loss: 0.0055, accuracy: 99.2389
[2025-12-29 18:43:57] [INFO] [logger.py:133] [Step 3700] train/loss: 0.0066, accuracy: 99.2438
[2025-12-29 18:44:00] [INFO] [logger.py:98] Epoch 12 | Train Loss: 0.0210 | Train Acc: 99.23% | Val Loss: 0.0245 | Val Acc: 0.9930 | Val F1: 0.9930 | LR: 9.59e-05 | Time: 34.7s
[2025-12-29 18:44:00] [INFO] [logger.py:133] [Step 12] train/loss: 0.0210, accuracy: 99.2325
[2025-12-29 18:44:00] [INFO] [logger.py:133] [Step 12] val/accuracy: 0.9930, precision_macro: 0.9928, recall_macro: 0.9933, f1_macro: 0.9930, precision_weighted: 0.9931, recall_weighted: 0.9930, f1_weighted: 0.9930, loss: 0.0245
[2025-12-29 18:44:14] [INFO] [logger.py:98] New best model! Accuracy: 0.9930
[2025-12-29 18:44:14] [INFO] [logger.py:133] [Step 3705] train/loss: 0.0057, accuracy: 100.0000
[2025-12-29 18:44:15] [INFO] [logger.py:133] [Step 3715] train/loss: 0.0056, accuracy: 98.8636
[2025-12-29 18:44:16] [INFO] [logger.py:133] [Step 3725] train/loss: 0.0050, accuracy: 98.8095
[2025-12-29 18:44:17] [INFO] [logger.py:133] [Step 3735] train/loss: 0.0054, accuracy: 98.7903
[2025-12-29 18:44:19] [INFO] [logger.py:133] [Step 3745] train/loss: 0.0057, accuracy: 98.4756
[2025-12-29 18:44:20] [INFO] [logger.py:133] [Step 3755] train/loss: 0.0064, accuracy: 98.6520
[2025-12-29 18:44:21] [INFO] [logger.py:133] [Step 3765] train/loss: 0.1024, accuracy: 98.5656
[2025-12-29 18:44:22] [INFO] [logger.py:133] [Step 3775] train/loss: 0.0064, accuracy: 98.6796
[2025-12-29 18:44:23] [INFO] [logger.py:133] [Step 3785] train/loss: 0.0277, accuracy: 98.8426
[2025-12-29 18:44:24] [INFO] [logger.py:133] [Step 3795] train/loss: 0.0055, accuracy: 98.7637
[2025-12-29 18:44:25] [INFO] [logger.py:133] [Step 3805] train/loss: 0.0062, accuracy: 98.8243
[2025-12-29 18:44:26] [INFO] [logger.py:133] [Step 3815] train/loss: 0.0054, accuracy: 98.8176
[2025-12-29 18:44:27] [INFO] [logger.py:133] [Step 3825] train/loss: 0.0066, accuracy: 98.9153
[2025-12-29 18:44:28] [INFO] [logger.py:133] [Step 3835] train/loss: 0.0057, accuracy: 98.9027
[2025-12-29 18:44:30] [INFO] [logger.py:133] [Step 3845] train/loss: 0.0062, accuracy: 98.9362
[2025-12-29 18:44:31] [INFO] [logger.py:133] [Step 3855] train/loss: 0.0069, accuracy: 99.0066
[2025-12-29 18:44:32] [INFO] [logger.py:133] [Step 3865] train/loss: 0.0055, accuracy: 99.0683
[2025-12-29 18:44:33] [INFO] [logger.py:133] [Step 3875] train/loss: 0.0099, accuracy: 98.9401
[2025-12-29 18:44:34] [INFO] [logger.py:133] [Step 3885] train/loss: 0.0246, accuracy: 98.8950
[2025-12-29 18:44:35] [INFO] [logger.py:133] [Step 3895] train/loss: 0.0058, accuracy: 98.8220
[2025-12-29 18:44:36] [INFO] [logger.py:133] [Step 3905] train/loss: 0.0130, accuracy: 98.8495
[2025-12-29 18:44:37] [INFO] [logger.py:133] [Step 3915] train/loss: 0.0057, accuracy: 98.8744
[2025-12-29 18:44:38] [INFO] [logger.py:133] [Step 3925] train/loss: 0.3317, accuracy: 98.8688
[2025-12-29 18:44:40] [INFO] [logger.py:133] [Step 3935] train/loss: 0.0054, accuracy: 98.8095
[2025-12-29 18:44:41] [INFO] [logger.py:133] [Step 3945] train/loss: 0.0056, accuracy: 98.7293
[2025-12-29 18:44:42] [INFO] [logger.py:133] [Step 3955] train/loss: 0.0060, accuracy: 98.7550
[2025-12-29 18:44:43] [INFO] [logger.py:133] [Step 3965] train/loss: 0.0056, accuracy: 98.7787
[2025-12-29 18:44:44] [INFO] [logger.py:133] [Step 3975] train/loss: 0.0055, accuracy: 98.8007
[2025-12-29 18:44:45] [INFO] [logger.py:133] [Step 3985] train/loss: 0.0080, accuracy: 98.7989
[2025-12-29 18:44:48] [INFO] [logger.py:98] Epoch 13 | Train Loss: 0.0280 | Train Acc: 98.77% | Val Loss: 0.0316 | Val Acc: 0.9904 | Val F1: 0.9902 | LR: 9.52e-05 | Time: 34.5s
[2025-12-29 18:44:48] [INFO] [logger.py:133] [Step 13] train/loss: 0.0280, accuracy: 98.7719
[2025-12-29 18:44:48] [INFO] [logger.py:133] [Step 13] val/accuracy: 0.9904, precision_macro: 0.9903, recall_macro: 0.9903, f1_macro: 0.9902, precision_weighted: 0.9905, recall_weighted: 0.9904, f1_weighted: 0.9904, loss: 0.0316
[2025-12-29 18:44:50] [INFO] [logger.py:133] [Step 3990] train/loss: 0.0066, accuracy: 100.0000
[2025-12-29 18:44:51] [INFO] [logger.py:133] [Step 4000] train/loss: 0.0221, accuracy: 99.4318
[2025-12-29 18:44:52] [INFO] [logger.py:133] [Step 4010] train/loss: 0.0139, accuracy: 99.1071
[2025-12-29 18:44:53] [INFO] [logger.py:133] [Step 4020] train/loss: 0.0055, accuracy: 99.1935
[2025-12-29 18:44:54] [INFO] [logger.py:133] [Step 4030] train/loss: 0.0057, accuracy: 99.3902
[2025-12-29 18:44:55] [INFO] [logger.py:133] [Step 4040] train/loss: 0.0403, accuracy: 99.3873
[2025-12-29 18:44:56] [INFO] [logger.py:133] [Step 4050] train/loss: 0.0118, accuracy: 99.3852
[2025-12-29 18:44:58] [INFO] [logger.py:133] [Step 4060] train/loss: 0.0053, accuracy: 99.3838
[2025-12-29 18:44:59] [INFO] [logger.py:133] [Step 4070] train/loss: 0.0054, accuracy: 99.3827
[2025-12-29 18:45:00] [INFO] [logger.py:133] [Step 4080] train/loss: 0.0054, accuracy: 99.3819
[2025-12-29 18:45:01] [INFO] [logger.py:133] [Step 4090] train/loss: 0.0054, accuracy: 99.3812
[2025-12-29 18:45:02] [INFO] [logger.py:133] [Step 4100] train/loss: 0.0065, accuracy: 99.0991
[2025-12-29 18:45:03] [INFO] [logger.py:133] [Step 4110] train/loss: 0.0068, accuracy: 99.0702
[2025-12-29 18:45:04] [INFO] [logger.py:133] [Step 4120] train/loss: 0.0071, accuracy: 99.0935
[2025-12-29 18:45:06] [INFO] [logger.py:133] [Step 4130] train/loss: 0.0739, accuracy: 99.1135
[2025-12-29 18:45:07] [INFO] [logger.py:133] [Step 4140] train/loss: 0.0054, accuracy: 99.1722
[2025-12-29 18:45:08] [INFO] [logger.py:133] [Step 4150] train/loss: 0.0059, accuracy: 99.1848
[2025-12-29 18:45:09] [INFO] [logger.py:133] [Step 4160] train/loss: 0.0054, accuracy: 99.2325
[2025-12-29 18:45:10] [INFO] [logger.py:133] [Step 4170] train/loss: 0.0060, accuracy: 99.2749
[2025-12-29 18:45:11] [INFO] [logger.py:133] [Step 4180] train/loss: 0.2212, accuracy: 99.2474
[2025-12-29 18:45:12] [INFO] [logger.py:133] [Step 4190] train/loss: 0.0065, accuracy: 99.2537
[2025-12-29 18:45:13] [INFO] [logger.py:133] [Step 4200] train/loss: 0.0058, accuracy: 99.2299
[2025-12-29 18:45:14] [INFO] [logger.py:133] [Step 4210] train/loss: 0.0075, accuracy: 99.2081
[2025-12-29 18:45:16] [INFO] [logger.py:133] [Step 4220] train/loss: 0.0076, accuracy: 99.1883
[2025-12-29 18:45:17] [INFO] [logger.py:133] [Step 4230] train/loss: 0.0053, accuracy: 99.1961
[2025-12-29 18:45:18] [INFO] [logger.py:133] [Step 4240] train/loss: 0.0525, accuracy: 99.1783
[2025-12-29 18:45:19] [INFO] [logger.py:133] [Step 4250] train/loss: 0.0054, accuracy: 99.2098
[2025-12-29 18:45:20] [INFO] [logger.py:133] [Step 4260] train/loss: 0.0053, accuracy: 99.1467
[2025-12-29 18:45:21] [INFO] [logger.py:133] [Step 4270] train/loss: 0.0052, accuracy: 99.1326
[2025-12-29 18:45:24] [INFO] [logger.py:98] Epoch 14 | Train Loss: 0.0219 | Train Acc: 99.14% | Val Loss: 0.0335 | Val Acc: 0.9921 | Val F1: 0.9921 | LR: 9.46e-05 | Time: 34.8s
[2025-12-29 18:45:24] [INFO] [logger.py:133] [Step 14] train/loss: 0.0219, accuracy: 99.1447
[2025-12-29 18:45:24] [INFO] [logger.py:133] [Step 14] val/accuracy: 0.9921, precision_macro: 0.9924, recall_macro: 0.9919, f1_macro: 0.9921, precision_weighted: 0.9922, recall_weighted: 0.9921, f1_weighted: 0.9921, loss: 0.0335
[2025-12-29 18:45:26] [INFO] [logger.py:133] [Step 4275] train/loss: 0.0055, accuracy: 100.0000
[2025-12-29 18:45:27] [INFO] [logger.py:133] [Step 4285] train/loss: 0.0056, accuracy: 100.0000
[2025-12-29 18:45:28] [INFO] [logger.py:133] [Step 4295] train/loss: 0.0054, accuracy: 100.0000
[2025-12-29 18:45:29] [INFO] [logger.py:133] [Step 4305] train/loss: 0.0057, accuracy: 99.7984
[2025-12-29 18:45:30] [INFO] [logger.py:133] [Step 4315] train/loss: 0.0055, accuracy: 99.6951
[2025-12-29 18:45:31] [INFO] [logger.py:133] [Step 4325] train/loss: 0.0056, accuracy: 99.5098
[2025-12-29 18:45:33] [INFO] [logger.py:133] [Step 4335] train/loss: 0.0062, accuracy: 99.3852
[2025-12-29 18:45:34] [INFO] [logger.py:133] [Step 4345] train/loss: 0.0053, accuracy: 99.3838
[2025-12-29 18:45:35] [INFO] [logger.py:133] [Step 4355] train/loss: 0.0054, accuracy: 99.4599
[2025-12-29 18:45:36] [INFO] [logger.py:133] [Step 4365] train/loss: 0.0169, accuracy: 99.5192
[2025-12-29 18:45:37] [INFO] [logger.py:133] [Step 4375] train/loss: 0.0055, accuracy: 99.5668
[2025-12-29 18:45:38] [INFO] [logger.py:133] [Step 4385] train/loss: 0.0055, accuracy: 99.6059
[2025-12-29 18:45:39] [INFO] [logger.py:133] [Step 4395] train/loss: 0.0055, accuracy: 99.6384
[2025-12-29 18:45:40] [INFO] [logger.py:133] [Step 4405] train/loss: 0.0053, accuracy: 99.6183
[2025-12-29 18:45:42] [INFO] [logger.py:133] [Step 4415] train/loss: 0.0059, accuracy: 99.4681
[2025-12-29 18:45:43] [INFO] [logger.py:133] [Step 4425] train/loss: 0.0060, accuracy: 99.4619
[2025-12-29 18:45:44] [INFO] [logger.py:133] [Step 4435] train/loss: 0.0064, accuracy: 99.3789
[2025-12-29 18:45:45] [INFO] [logger.py:133] [Step 4445] train/loss: 0.0054, accuracy: 99.4152
[2025-12-29 18:45:46] [INFO] [logger.py:133] [Step 4455] train/loss: 0.0061, accuracy: 99.4475
[2025-12-29 18:45:47] [INFO] [logger.py:133] [Step 4465] train/loss: 0.0115, accuracy: 99.4437
[2025-12-29 18:45:48] [INFO] [logger.py:133] [Step 4475] train/loss: 0.0059, accuracy: 99.4403
[2025-12-29 18:45:49] [INFO] [logger.py:133] [Step 4485] train/loss: 0.0063, accuracy: 99.4372
[2025-12-29 18:45:50] [INFO] [logger.py:133] [Step 4495] train/loss: 0.1924, accuracy: 99.3778
[2025-12-29 18:45:51] [INFO] [logger.py:133] [Step 4505] train/loss: 0.0054, accuracy: 99.4048
[2025-12-29 18:45:53] [INFO] [logger.py:133] [Step 4515] train/loss: 0.0911, accuracy: 99.4035
[2025-12-29 18:45:54] [INFO] [logger.py:133] [Step 4525] train/loss: 0.0054, accuracy: 99.4024
[2025-12-29 18:45:55] [INFO] [logger.py:133] [Step 4535] train/loss: 0.0064, accuracy: 99.4253
[2025-12-29 18:45:56] [INFO] [logger.py:133] [Step 4545] train/loss: 0.0052, accuracy: 99.4465
[2025-12-29 18:45:57] [INFO] [logger.py:133] [Step 4555] train/loss: 0.0165, accuracy: 99.4217
[2025-12-29 18:46:00] [INFO] [logger.py:98] Epoch 15 | Train Loss: 0.0170 | Train Acc: 99.43% | Val Loss: 0.0267 | Val Acc: 0.9921 | Val F1: 0.9919 | LR: 9.38e-05 | Time: 34.6s
[2025-12-29 18:46:00] [INFO] [logger.py:133] [Step 15] train/loss: 0.0170, accuracy: 99.4298
[2025-12-29 18:46:00] [INFO] [logger.py:133] [Step 15] val/accuracy: 0.9921, precision_macro: 0.9920, recall_macro: 0.9919, f1_macro: 0.9919, precision_weighted: 0.9922, recall_weighted: 0.9921, f1_weighted: 0.9921, auc_roc_macro: 0.9999, auc_roc_weighted: 0.9999, loss: 0.0267
[2025-12-29 18:46:02] [INFO] [logger.py:133] [Step 4560] train/loss: 0.0054, accuracy: 100.0000
[2025-12-29 18:46:03] [INFO] [logger.py:133] [Step 4570] train/loss: 0.0054, accuracy: 99.4318
[2025-12-29 18:46:04] [INFO] [logger.py:133] [Step 4580] train/loss: 0.0053, accuracy: 99.7024
[2025-12-29 18:46:05] [INFO] [logger.py:133] [Step 4590] train/loss: 0.0056, accuracy: 99.7984
[2025-12-29 18:46:06] [INFO] [logger.py:133] [Step 4600] train/loss: 0.0055, accuracy: 99.8476
[2025-12-29 18:46:07] [INFO] [logger.py:133] [Step 4610] train/loss: 0.0060, accuracy: 99.8775
[2025-12-29 18:46:08] [INFO] [logger.py:133] [Step 4620] train/loss: 0.0060, accuracy: 99.6926
[2025-12-29 18:46:10] [INFO] [logger.py:133] [Step 4630] train/loss: 0.0058, accuracy: 99.7359
[2025-12-29 18:46:11] [INFO] [logger.py:133] [Step 4640] train/loss: 0.0059, accuracy: 99.7685
[2025-12-29 18:46:12] [INFO] [logger.py:133] [Step 4650] train/loss: 0.0054, accuracy: 99.6566
[2025-12-29 18:46:13] [INFO] [logger.py:133] [Step 4660] train/loss: 0.0054, accuracy: 99.6906
[2025-12-29 18:46:14] [INFO] [logger.py:133] [Step 4670] train/loss: 0.0055, accuracy: 99.6622
[2025-12-29 18:46:15] [INFO] [logger.py:133] [Step 4680] train/loss: 0.0117, accuracy: 99.6901
[2025-12-29 18:46:16] [INFO] [logger.py:133] [Step 4690] train/loss: 0.0054, accuracy: 99.6660
[2025-12-29 18:46:17] [INFO] [logger.py:133] [Step 4700] train/loss: 0.0069, accuracy: 99.5567
[2025-12-29 18:46:18] [INFO] [logger.py:133] [Step 4710] train/loss: 0.0054, accuracy: 99.5861
[2025-12-29 18:46:20] [INFO] [logger.py:133] [Step 4720] train/loss: 0.0272, accuracy: 99.5342
[2025-12-29 18:46:21] [INFO] [logger.py:133] [Step 4730] train/loss: 0.0052, accuracy: 99.5614
[2025-12-29 18:46:22] [INFO] [logger.py:133] [Step 4740] train/loss: 0.0061, accuracy: 99.5856
[2025-12-29 18:46:23] [INFO] [logger.py:133] [Step 4750] train/loss: 0.0085, accuracy: 99.5419
[2025-12-29 18:46:24] [INFO] [logger.py:133] [Step 4760] train/loss: 0.0069, accuracy: 99.5647
[2025-12-29 18:46:25] [INFO] [logger.py:133] [Step 4770] train/loss: 0.0059, accuracy: 99.5261
[2025-12-29 18:46:26] [INFO] [logger.py:133] [Step 4780] train/loss: 0.0271, accuracy: 99.5192
[2025-12-29 18:46:27] [INFO] [logger.py:133] [Step 4790] train/loss: 0.0054, accuracy: 99.5400
[2025-12-29 18:46:28] [INFO] [logger.py:133] [Step 4800] train/loss: 0.3411, accuracy: 99.3776
[2025-12-29 18:46:29] [INFO] [logger.py:133] [Step 4810] train/loss: 0.0056, accuracy: 99.3775
[2025-12-29 18:46:31] [INFO] [logger.py:133] [Step 4820] train/loss: 0.0059, accuracy: 99.3774
[2025-12-29 18:46:32] [INFO] [logger.py:133] [Step 4830] train/loss: 0.0057, accuracy: 99.3312
[2025-12-29 18:46:33] [INFO] [logger.py:133] [Step 4840] train/loss: 0.0061, accuracy: 99.3327
[2025-12-29 18:46:36] [INFO] [logger.py:98] Epoch 16 | Train Loss: 0.0191 | Train Acc: 99.34% | Val Loss: 0.0275 | Val Acc: 0.9886 | Val F1: 0.9883 | LR: 9.30e-05 | Time: 34.6s
[2025-12-29 18:46:36] [INFO] [logger.py:133] [Step 16] train/loss: 0.0191, accuracy: 99.3421
[2025-12-29 18:46:36] [INFO] [logger.py:133] [Step 16] val/accuracy: 0.9886, precision_macro: 0.9882, recall_macro: 0.9885, f1_macro: 0.9883, precision_weighted: 0.9887, recall_weighted: 0.9886, f1_weighted: 0.9886, loss: 0.0275
[2025-12-29 18:46:38] [INFO] [logger.py:133] [Step 4845] train/loss: 0.0055, accuracy: 100.0000
[2025-12-29 18:46:39] [INFO] [logger.py:133] [Step 4855] train/loss: 0.0059, accuracy: 100.0000
[2025-12-29 18:46:40] [INFO] [logger.py:133] [Step 4865] train/loss: 0.0054, accuracy: 99.1071
[2025-12-29 18:46:41] [INFO] [logger.py:133] [Step 4875] train/loss: 0.0056, accuracy: 99.3952
[2025-12-29 18:46:42] [INFO] [logger.py:133] [Step 4885] train/loss: 0.0053, accuracy: 99.3902
[2025-12-29 18:46:43] [INFO] [logger.py:133] [Step 4895] train/loss: 0.0054, accuracy: 99.3873
[2025-12-29 18:46:44] [INFO] [logger.py:133] [Step 4905] train/loss: 0.0056, accuracy: 99.3852
[2025-12-29 18:46:45] [INFO] [logger.py:133] [Step 4915] train/loss: 0.0051, accuracy: 99.3838
[2025-12-29 18:46:46] [INFO] [logger.py:133] [Step 4925] train/loss: 0.0056, accuracy: 99.4599
[2025-12-29 18:46:48] [INFO] [logger.py:133] [Step 4935] train/loss: 0.0067, accuracy: 99.4505
[2025-12-29 18:46:49] [INFO] [logger.py:133] [Step 4945] train/loss: 0.0136, accuracy: 99.4431
[2025-12-29 18:46:50] [INFO] [logger.py:133] [Step 4955] train/loss: 0.0055, accuracy: 99.4369
[2025-12-29 18:46:51] [INFO] [logger.py:133] [Step 4965] train/loss: 0.0052, accuracy: 99.4318
[2025-12-29 18:46:52] [INFO] [logger.py:133] [Step 4975] train/loss: 0.0055, accuracy: 99.4752
[2025-12-29 18:46:53] [INFO] [logger.py:133] [Step 4985] train/loss: 0.0052, accuracy: 99.5124
[2025-12-29 18:46:54] [INFO] [logger.py:133] [Step 4995] train/loss: 0.0055, accuracy: 99.5033
[2025-12-29 18:46:55] [INFO] [logger.py:133] [Step 5005] train/loss: 0.0053, accuracy: 99.4565
[2025-12-29 18:46:56] [INFO] [logger.py:133] [Step 5015] train/loss: 0.0053, accuracy: 99.4152
[2025-12-29 18:46:58] [INFO] [logger.py:133] [Step 5025] train/loss: 0.0055, accuracy: 99.4475
[2025-12-29 18:46:59] [INFO] [logger.py:133] [Step 5035] train/loss: 0.1836, accuracy: 99.4110
[2025-12-29 18:47:00] [INFO] [logger.py:133] [Step 5045] train/loss: 0.0060, accuracy: 99.4092
[2025-12-29 18:47:01] [INFO] [logger.py:133] [Step 5055] train/loss: 0.0054, accuracy: 99.4372
[2025-12-29 18:47:02] [INFO] [logger.py:133] [Step 5065] train/loss: 0.0054, accuracy: 99.4627
[2025-12-29 18:47:03] [INFO] [logger.py:133] [Step 5075] train/loss: 0.0055, accuracy: 99.4859
[2025-12-29 18:47:04] [INFO] [logger.py:133] [Step 5085] train/loss: 0.0053, accuracy: 99.4554
[2025-12-29 18:47:05] [INFO] [logger.py:133] [Step 5095] train/loss: 0.0056, accuracy: 99.4273
[2025-12-29 18:47:06] [INFO] [logger.py:133] [Step 5105] train/loss: 0.0054, accuracy: 99.4492
[2025-12-29 18:47:07] [INFO] [logger.py:133] [Step 5115] train/loss: 0.0053, accuracy: 99.4465
[2025-12-29 18:47:09] [INFO] [logger.py:133] [Step 5125] train/loss: 0.0053, accuracy: 99.4662
[2025-12-29 18:47:12] [INFO] [logger.py:98] Epoch 17 | Train Loss: 0.0164 | Train Acc: 99.47% | Val Loss: 0.0271 | Val Acc: 0.9921 | Val F1: 0.9919 | LR: 9.22e-05 | Time: 34.5s
[2025-12-29 18:47:12] [INFO] [logger.py:133] [Step 17] train/loss: 0.0164, accuracy: 99.4737
[2025-12-29 18:47:12] [INFO] [logger.py:133] [Step 17] val/accuracy: 0.9921, precision_macro: 0.9919, recall_macro: 0.9919, f1_macro: 0.9919, precision_weighted: 0.9922, recall_weighted: 0.9921, f1_weighted: 0.9921, auc_roc_macro: 0.9999, auc_roc_weighted: 0.9999, loss: 0.0271
[2025-12-29 18:47:15] [INFO] [logger.py:133] [Step 5130] train/loss: 0.0054, accuracy: 100.0000
[2025-12-29 18:47:16] [INFO] [logger.py:133] [Step 5140] train/loss: 0.0054, accuracy: 100.0000
[2025-12-29 18:47:17] [INFO] [logger.py:133] [Step 5150] train/loss: 0.0054, accuracy: 100.0000
[2025-12-29 18:47:18] [INFO] [logger.py:133] [Step 5160] train/loss: 0.0051, accuracy: 100.0000
[2025-12-29 18:47:27] [INFO] [logger.py:133] [Step 5170] train/loss: 0.0053, accuracy: 100.0000
[2025-12-29 18:47:28] [INFO] [logger.py:133] [Step 5180] train/loss: 0.0053, accuracy: 99.6324
[2025-12-29 18:47:29] [INFO] [logger.py:133] [Step 5190] train/loss: 0.0153, accuracy: 99.3852
[2025-12-29 18:47:30] [INFO] [logger.py:133] [Step 5200] train/loss: 0.0074, accuracy: 99.3838
[2025-12-29 18:47:31] [INFO] [logger.py:133] [Step 5210] train/loss: 0.0053, accuracy: 99.3827
[2025-12-29 18:47:32] [INFO] [logger.py:133] [Step 5220] train/loss: 0.0060, accuracy: 99.3819
[2025-12-29 18:47:33] [INFO] [logger.py:133] [Step 5230] train/loss: 0.0058, accuracy: 99.4431
[2025-12-29 18:47:35] [INFO] [logger.py:133] [Step 5240] train/loss: 0.0052, accuracy: 99.3243
[2025-12-29 18:47:36] [INFO] [logger.py:133] [Step 5250] train/loss: 0.0054, accuracy: 99.3802
[2025-12-29 18:47:37] [INFO] [logger.py:133] [Step 5260] train/loss: 0.0053, accuracy: 99.3798
[2025-12-29 18:47:38] [INFO] [logger.py:133] [Step 5270] train/loss: 0.2130, accuracy: 99.3351
[2025-12-29 18:47:39] [INFO] [logger.py:133] [Step 5280] train/loss: 0.0053, accuracy: 99.3791
[2025-12-29 18:47:40] [INFO] [logger.py:133] [Step 5290] train/loss: 0.0054, accuracy: 99.4177
[2025-12-29 18:47:41] [INFO] [logger.py:133] [Step 5300] train/loss: 0.0058, accuracy: 99.4152
[2025-12-29 18:47:42] [INFO] [logger.py:133] [Step 5310] train/loss: 0.0111, accuracy: 99.4475
[2025-12-29 18:47:43] [INFO] [logger.py:133] [Step 5320] train/loss: 0.0059, accuracy: 99.3783
[2025-12-29 18:47:44] [INFO] [logger.py:133] [Step 5330] train/loss: 0.0067, accuracy: 99.3470
[2025-12-29 18:47:46] [INFO] [logger.py:133] [Step 5340] train/loss: 0.0063, accuracy: 99.3187
[2025-12-29 18:47:47] [INFO] [logger.py:133] [Step 5350] train/loss: 0.0055, accuracy: 99.3213
[2025-12-29 18:47:48] [INFO] [logger.py:133] [Step 5360] train/loss: 0.0061, accuracy: 99.2695
[2025-12-29 18:47:49] [INFO] [logger.py:133] [Step 5370] train/loss: 0.0059, accuracy: 99.2479
[2025-12-29 18:47:50] [INFO] [logger.py:133] [Step 5380] train/loss: 0.0056, accuracy: 99.2281
[2025-12-29 18:47:51] [INFO] [logger.py:133] [Step 5390] train/loss: 0.0052, accuracy: 99.2337
[2025-12-29 18:47:52] [INFO] [logger.py:133] [Step 5400] train/loss: 0.0067, accuracy: 99.2159
[2025-12-29 18:47:53] [INFO] [logger.py:133] [Step 5410] train/loss: 0.0052, accuracy: 99.2215
[2025-12-29 18:47:56] [INFO] [logger.py:98] Epoch 18 | Train Loss: 0.0195 | Train Acc: 99.23% | Val Loss: 0.0274 | Val Acc: 0.9895 | Val F1: 0.9891 | LR: 9.14e-05 | Time: 41.8s
[2025-12-29 18:47:56] [INFO] [logger.py:133] [Step 18] train/loss: 0.0195, accuracy: 99.2325
[2025-12-29 18:47:56] [INFO] [logger.py:133] [Step 18] val/accuracy: 0.9895, precision_macro: 0.9889, recall_macro: 0.9892, f1_macro: 0.9891, precision_weighted: 0.9896, recall_weighted: 0.9895, f1_weighted: 0.9895, auc_roc_macro: 0.9998, auc_roc_weighted: 0.9998, loss: 0.0274
